

Microchip Technology PIC18 LITE Macro Assembler V1.35 build -356382666 
                                                                                               Thu Jun  1 16:47:07 2017

Microchip Technology Omniscient Code Generator v1.35 (Free mode) build 201507080246
     1                           	processor	18F4550
     2                           	fnconf	rparam,??,?,0
     3                           	opt	pw 120
     4                           	opt	lm
     5                           	psect	idataCOMRAM,global,class=CODE,delta=1
     6                           	psect	cinit,global,reloc=2,class=CODE,delta=1
     7                           	psect	bssCOMRAM,global,class=COMRAM,space=1,delta=1
     8                           	psect	dataCOMRAM,global,class=COMRAM,space=1,delta=1
     9                           	psect	cstackCOMRAM,global,class=COMRAM,space=1,delta=1
    10                           	psect	text0,global,reloc=2,class=CODE,delta=1
    11                           	psect	text1,global,reloc=2,class=CODE,delta=1
    12                           	psect	text2,global,reloc=2,class=CODE,delta=1
    13                           	psect	text3,global,reloc=2,class=CODE,delta=1
    14                           	psect	text4,global,reloc=2,class=CODE,delta=1
    15                           	psect	intsave_regs,global,class=BIGRAM,space=1,delta=1
    16                           	psect	rparam,global,class=COMRAM,space=1,delta=1
    17  0000                     
    18                           	psect	idataCOMRAM
    19  007F27                     __pidataCOMRAM:
    20                           	opt stack 0
    21                           
    22                           ;initializer for _msm
    23  007F27  45                 	db	69
    24  007F28  53                 	db	83
    25  007F29  43                 	db	67
    26  007F2A  52                 	db	82
    27  007F2B  49                 	db	73
    28  007F2C  42                 	db	66
    29  007F2D  41                 	db	65
    30  007F2E  20                 	db	32
    31  007F2F  55                 	db	85
    32  007F30  4E                 	db	78
    33  007F31  20                 	db	32
    34  007F32  4D                 	db	77
    35  007F33  53                 	db	83
    36  007F34  4D                 	db	77
    37  007F35  20                 	db	32
    38  007F36  0D                 	db	13
    39  007F37  00                 	db	0
    40  0000                     _ADCON0bits	set	4034
    41  0000                     _ADCON1	set	4033
    42  0000                     _ADCON2bits	set	4032
    43  0000                     _ADRESH	set	4036
    44  0000                     _ADRESL	set	4035
    45  0000                     _BAUDCONbits	set	4024
    46  0000                     _OSCCONbits	set	4051
    47  0000                     _PIR1bits	set	3998
    48  0000                     _PORTBbits	set	3969
    49  0000                     _PORTC	set	3970
    50  0000                     _PORTD	set	3971
    51  0000                     _PORTDbits	set	3971
    52  0000                     _RCREG	set	4014
    53  0000                     _RCSTAbits	set	4011
    54  0000                     _SPBRG	set	4015
    55  0000                     _SPBRGH	set	4016
    56  0000                     _SSPBUF	set	4041
    57  0000                     _SSPCON1bits	set	4038
    58  0000                     _SSPSTATbits	set	4039
    59  0000                     _TRISAbits	set	3986
    60  0000                     _TRISB	set	3987
    61  0000                     _TRISC	set	3988
    62  0000                     _TRISCbits	set	3988
    63  0000                     _TRISD	set	3989
    64  0000                     _TXREG	set	4013
    65  0000                     _TXSTAbits	set	4012
    66                           
    67                           ; #config settings
    68  0000                     
    69                           	psect	cinit
    70  007F88                     __pcinit:
    71                           	opt stack 0
    72  007F88                     start_initialization:
    73                           	opt stack 0
    74  007F88                     __initialization:
    75                           	opt stack 0
    76                           
    77                           ; Clear objects allocated to COMRAM (27 bytes)
    78  007F88  EE00  F001         	lfsr	0,__pbssCOMRAM
    79  007F8C  0E1B               	movlw	27
    80  007F8E                     clear_0:
    81  007F8E  6AEE               	clrf	postinc0,c
    82  007F90  06E8               	decf	wreg,f,c
    83  007F92  E1FD               	bnz	clear_0
    84                           
    85                           ; Initialize objects allocated to COMRAM (17 bytes)
    86                           ; load TBLPTR registers with __pidataCOMRAM
    87  007F94  0E27               	movlw	low __pidataCOMRAM
    88  007F96  6EF6               	movwf	tblptrl,c
    89  007F98  0E7F               	movlw	high __pidataCOMRAM
    90  007F9A  6EF7               	movwf	tblptrh,c
    91  007F9C  0E00               	movlw	low (__pidataCOMRAM shr (0+16))
    92  007F9E  6EF8               	movwf	tblptru,c
    93  007FA0  EE00  F01C         	lfsr	0,__pdataCOMRAM
    94  007FA4  EE10 F011          	lfsr	1,17
    95  007FA8                     copy_data0:
    96  007FA8  0009               	tblrd		*+
    97  007FAA  CFF5 FFEE          	movff	tablat,postinc0
    98  007FAE  50E5               	movf	postdec1,w,c
    99  007FB0  50E1               	movf	fsr1l,w,c
   100  007FB2  E1FA               	bnz	copy_data0
   101  007FB4                     end_of_initialization:
   102                           	opt stack 0
   103  007FB4                     __end_of__initialization:
   104                           	opt stack 0
   105  007FB4  0100               	movlb	0
   106  007FB6  EFDD  F03F         	goto	_main	;jump to C main() function
   107                           tblptru	equ	0xFF8
   108                           tblptrh	equ	0xFF7
   109                           tblptrl	equ	0xFF6
   110                           tablat	equ	0xFF5
   111                           postinc0	equ	0xFEE
   112                           wreg	equ	0xFE8
   113                           postdec1	equ	0xFE5
   114                           fsr1l	equ	0xFE1
   115                           
   116                           	psect	bssCOMRAM
   117  000001                     __pbssCOMRAM:
   118                           	opt stack 0
   119  000001                     _buffer:
   120                           	opt stack 0
   121  000001                     	ds	2
   122  000003                     read_msm@buffer:
   123                           	opt stack 0
   124  000003                     	ds	25
   125                           tblptru	equ	0xFF8
   126                           tblptrh	equ	0xFF7
   127                           tblptrl	equ	0xFF6
   128                           tablat	equ	0xFF5
   129                           postinc0	equ	0xFEE
   130                           wreg	equ	0xFE8
   131                           postdec1	equ	0xFE5
   132                           fsr1l	equ	0xFE1
   133                           
   134                           	psect	dataCOMRAM
   135  00001C                     __pdataCOMRAM:
   136                           	opt stack 0
   137  00001C                     _msm:
   138                           	opt stack 0
   139  00001C                     	ds	17
   140                           tblptru	equ	0xFF8
   141                           tblptrh	equ	0xFF7
   142                           tblptrl	equ	0xFF6
   143                           tablat	equ	0xFF5
   144                           postinc0	equ	0xFEE
   145                           wreg	equ	0xFE8
   146                           postdec1	equ	0xFE5
   147                           fsr1l	equ	0xFE1
   148                           
   149                           	psect	cstackCOMRAM
   150  00002D                     __pcstackCOMRAM:
   151                           	opt stack 0
   152  00002D                     SPI_WRITE@data:
   153                           	opt stack 0
   154                           
   155                           ; 1 bytes @ 0x0
   156  00002D                     	ds	1
   157  00002E                     WRITE_MCP@data:
   158                           	opt stack 0
   159                           
   160                           ; 2 bytes @ 0x1
   161  00002E                     	ds	2
   162  000030                     WRITE_MCP@aux:
   163                           	opt stack 0
   164                           
   165                           ; 1 bytes @ 0x3
   166  000030                     	ds	1
   167  000031                     main@a:
   168                           	opt stack 0
   169                           
   170                           ; 2 bytes @ 0x4
   171  000031                     	ds	2
   172                           tblptru	equ	0xFF8
   173                           tblptrh	equ	0xFF7
   174                           tblptrl	equ	0xFF6
   175                           tablat	equ	0xFF5
   176                           postinc0	equ	0xFEE
   177                           wreg	equ	0xFE8
   178                           postdec1	equ	0xFE5
   179                           fsr1l	equ	0xFE1
   180                           
   181 ;;
   182 ;;Main: autosize = 0, tempsize = 0, incstack = 0, save=0
   183 ;;
   184 ;; *************** function _main *****************
   185 ;; Defined at:
   186 ;;		line 35 in file "main.c"
   187 ;; Parameters:    Size  Location     Type
   188 ;;		None
   189 ;; Auto vars:     Size  Location     Type
   190 ;;  a               2    4[COMRAM] unsigned int 
   191 ;; Return value:  Size  Location     Type
   192 ;;		None               void
   193 ;; Registers used:
   194 ;;		wreg, status,2, status,0, cstack
   195 ;; Tracked objects:
   196 ;;		On entry : 0/0
   197 ;;		On exit  : 0/0
   198 ;;		Unchanged: 0/0
   199 ;; Data sizes:     COMRAM   BANK0   BANK1   BANK2   BANK3   BANK4   BANK5   BANK6   BANK7
   200 ;;      Params:         0       0       0       0       0       0       0       0       0
   201 ;;      Locals:         2       0       0       0       0       0       0       0       0
   202 ;;      Temps:          0       0       0       0       0       0       0       0       0
   203 ;;      Totals:         2       0       0       0       0       0       0       0       0
   204 ;;Total ram usage:        2 bytes
   205 ;; Hardware stack levels required when called:    2
   206 ;; This function calls:
   207 ;;		_SPI_INIT
   208 ;;		_WRITE_MCP
   209 ;;		_set_port
   210 ;; This function is called by:
   211 ;;		Startup code after reset
   212 ;; This function uses a non-reentrant model
   213 ;;
   214                           
   215                           	psect	text0
   216  007FBA                     __ptext0:
   217                           	opt stack 0
   218  007FBA                     _main:
   219                           	opt stack 29
   220                           
   221                           ;main.c: 36: u16 a=0;
   222                           
   223                           ;incstack = 0
   224  007FBA  0E00               	movlw	0
   225  007FBC  6E32               	movwf	main@a+1,c
   226  007FBE  0E00               	movlw	0
   227  007FC0  6E31               	movwf	main@a,c
   228                           
   229                           ;main.c: 37: OSCCONbits.IRCF=7;
   230  007FC2  88D3               	bsf	4051,4,c	;volatile
   231  007FC4  8AD3               	bsf	4051,5,c	;volatile
   232  007FC6  8CD3               	bsf	4051,6,c	;volatile
   233                           
   234                           ;main.c: 38: PORTDbits.RD0=1;
   235  007FC8  8083               	bsf	3971,0,c	;volatile
   236                           
   237                           ;main.c: 39: PORTBbits.RB4=1;
   238  007FCA  8881               	bsf	3969,4,c	;volatile
   239                           
   240                           ;main.c: 40: SPI_INIT();
   241  007FCC  ECA5  F03F         	call	_SPI_INIT	;wreg free
   242                           
   243                           ;main.c: 42: set_port();
   244  007FD0  EC9C  F03F         	call	_set_port	;wreg free
   245  007FD4                     l938:
   246                           
   247                           ;main.c: 48: WRITE_MCP(a++);
   248  007FD4  C031  F02E         	movff	main@a,WRITE_MCP@data
   249  007FD8  C032  F02F         	movff	main@a+1,WRITE_MCP@data+1
   250  007FDC  ECB0  F03F         	call	_WRITE_MCP	;wreg free
   251  007FE0  4A31               	infsnz	main@a,f,c
   252  007FE2  2A32               	incf	main@a+1,f,c
   253                           
   254                           ;main.c: 49: if (a>4096)
   255  007FE4  0431               	decf	main@a,w,c
   256  007FE6  0E10               	movlw	16
   257  007FE8  5832               	subwfb	main@a+1,w,c
   258  007FEA  A0D8               	btfss	status,0,c
   259  007FEC  D004               	goto	l946
   260                           
   261                           ;main.c: 50: a=0;
   262  007FEE  0E00               	movlw	0
   263  007FF0  6E32               	movwf	main@a+1,c
   264  007FF2  0E00               	movlw	0
   265  007FF4  6E31               	movwf	main@a,c
   266  007FF6                     l946:
   267                           
   268                           ;main.c: 56: _delay((unsigned long)((100)*(8000000/4000000.0)));
   269  007FF6  0E42               	movlw	66
   270  007FF8                     u107:
   271  007FF8  2EE8               	decfsz	wreg,f,c
   272  007FFA  D7FE               	goto	u107
   273  007FFC  D000               	nop2		;nop
   274  007FFE  D7EA               	goto	l938
   275  008000                     __end_of_main:
   276                           	opt stack 0
   277                           tblptru	equ	0xFF8
   278                           tblptrh	equ	0xFF7
   279                           tblptrl	equ	0xFF6
   280                           tablat	equ	0xFF5
   281                           postinc0	equ	0xFEE
   282                           wreg	equ	0xFE8
   283                           postdec1	equ	0xFE5
   284                           fsr1l	equ	0xFE1
   285                           status	equ	0xFD8
   286                           
   287 ;; *************** function _set_port *****************
   288 ;; Defined at:
   289 ;;		line 17 in file "main.c"
   290 ;; Parameters:    Size  Location     Type
   291 ;;		None
   292 ;; Auto vars:     Size  Location     Type
   293 ;;		None
   294 ;; Return value:  Size  Location     Type
   295 ;;		None               void
   296 ;; Registers used:
   297 ;;		wreg, status,2
   298 ;; Tracked objects:
   299 ;;		On entry : 0/0
   300 ;;		On exit  : 0/0
   301 ;;		Unchanged: 0/0
   302 ;; Data sizes:     COMRAM   BANK0   BANK1   BANK2   BANK3   BANK4   BANK5   BANK6   BANK7
   303 ;;      Params:         0       0       0       0       0       0       0       0       0
   304 ;;      Locals:         0       0       0       0       0       0       0       0       0
   305 ;;      Temps:          0       0       0       0       0       0       0       0       0
   306 ;;      Totals:         0       0       0       0       0       0       0       0       0
   307 ;;Total ram usage:        0 bytes
   308 ;; Hardware stack levels used:    1
   309 ;; This function calls:
   310 ;;		Nothing
   311 ;; This function is called by:
   312 ;;		_main
   313 ;; This function uses a non-reentrant model
   314 ;;
   315                           
   316                           	psect	text1
   317  007F38                     __ptext1:
   318                           	opt stack 0
   319  007F38                     _set_port:
   320                           	opt stack 30
   321                           
   322                           ;main.c: 18: TRISC=0;
   323                           
   324                           ;incstack = 0
   325  007F38  0E00               	movlw	0
   326  007F3A  6E94               	movwf	3988,c	;volatile
   327                           
   328                           ;main.c: 19: TRISD=0;
   329  007F3C  0E00               	movlw	0
   330  007F3E  6E95               	movwf	3989,c	;volatile
   331                           
   332                           ;main.c: 20: TRISB=0;
   333  007F40  0E00               	movlw	0
   334  007F42  6E93               	movwf	3987,c	;volatile
   335                           
   336                           ;main.c: 21: PORTC=255;
   337  007F44  6882               	setf	3970,c	;volatile
   338                           
   339                           ;main.c: 22: PORTD=255;
   340  007F46  6883               	setf	3971,c	;volatile
   341  007F48  0012               	return		;funcret
   342  007F4A                     __end_of_set_port:
   343                           	opt stack 0
   344                           tblptru	equ	0xFF8
   345                           tblptrh	equ	0xFF7
   346                           tblptrl	equ	0xFF6
   347                           tablat	equ	0xFF5
   348                           postinc0	equ	0xFEE
   349                           wreg	equ	0xFE8
   350                           postdec1	equ	0xFE5
   351                           fsr1l	equ	0xFE1
   352                           status	equ	0xFD8
   353                           
   354 ;; *************** function _WRITE_MCP *****************
   355 ;; Defined at:
   356 ;;		line 20 in file "MCP4821.c"
   357 ;; Parameters:    Size  Location     Type
   358 ;;  data            2    1[COMRAM] unsigned int 
   359 ;; Auto vars:     Size  Location     Type
   360 ;;  aux             1    3[COMRAM] unsigned char 
   361 ;; Return value:  Size  Location     Type
   362 ;;		None               void
   363 ;; Registers used:
   364 ;;		wreg, status,2, status,0, cstack
   365 ;; Tracked objects:
   366 ;;		On entry : 0/0
   367 ;;		On exit  : 0/0
   368 ;;		Unchanged: 0/0
   369 ;; Data sizes:     COMRAM   BANK0   BANK1   BANK2   BANK3   BANK4   BANK5   BANK6   BANK7
   370 ;;      Params:         2       0       0       0       0       0       0       0       0
   371 ;;      Locals:         1       0       0       0       0       0       0       0       0
   372 ;;      Temps:          0       0       0       0       0       0       0       0       0
   373 ;;      Totals:         3       0       0       0       0       0       0       0       0
   374 ;;Total ram usage:        3 bytes
   375 ;; Hardware stack levels used:    1
   376 ;; Hardware stack levels required when called:    1
   377 ;; This function calls:
   378 ;;		_SPI_WRITE
   379 ;; This function is called by:
   380 ;;		_main
   381 ;; This function uses a non-reentrant model
   382 ;;
   383                           
   384                           	psect	text2
   385  007F60                     __ptext2:
   386                           	opt stack 0
   387  007F60                     _WRITE_MCP:
   388                           	opt stack 29
   389                           
   390                           ;MCP4821.c: 22: u8 aux= data>>8;
   391                           
   392                           ;incstack = 0
   393  007F60  502F               	movf	WRITE_MCP@data+1,w,c
   394  007F62  6E30               	movwf	WRITE_MCP@aux,c
   395                           
   396                           ;MCP4821.c: 23: aux=aux | 0x10;
   397  007F64  5030               	movf	WRITE_MCP@aux,w,c
   398  007F66  0910               	iorlw	16
   399  007F68  6E30               	movwf	WRITE_MCP@aux,c
   400                           
   401                           ;MCP4821.c: 25: PORTDbits.RD0=0;
   402  007F6A  9083               	bcf	3971,0,c	;volatile
   403                           
   404                           ;MCP4821.c: 26: SPI_WRITE(aux);
   405  007F6C  5030               	movf	WRITE_MCP@aux,w,c
   406  007F6E  EC8C  F03F         	call	_SPI_WRITE
   407                           
   408                           ;MCP4821.c: 27: SPI_WRITE(data);
   409  007F72  502E               	movf	WRITE_MCP@data,w,c
   410  007F74  EC8C  F03F         	call	_SPI_WRITE
   411                           
   412                           ;MCP4821.c: 28: _delay((unsigned long)((2)*(8000000/4000000.0)));
   413  007F78  D000               	nop2		;2 cycle nop
   414  007F7A  D000               	nop2		;2 cycle nop
   415                           
   416                           ;MCP4821.c: 29: PORTBbits.RB4=0;
   417  007F7C  9881               	bcf	3969,4,c	;volatile
   418                           
   419                           ;MCP4821.c: 30: _delay((unsigned long)((2)*(8000000/4000000.0)));
   420  007F7E  D000               	nop2		;2 cycle nop
   421  007F80  D000               	nop2		;2 cycle nop
   422                           
   423                           ;MCP4821.c: 31: PORTBbits.RB4=1;
   424  007F82  8881               	bsf	3969,4,c	;volatile
   425                           
   426                           ;MCP4821.c: 32: PORTDbits.RD0=1;
   427  007F84  8083               	bsf	3971,0,c	;volatile
   428  007F86  0012               	return		;funcret
   429  007F88                     __end_of_WRITE_MCP:
   430                           	opt stack 0
   431                           tblptru	equ	0xFF8
   432                           tblptrh	equ	0xFF7
   433                           tblptrl	equ	0xFF6
   434                           tablat	equ	0xFF5
   435                           postinc0	equ	0xFEE
   436                           wreg	equ	0xFE8
   437                           postdec1	equ	0xFE5
   438                           fsr1l	equ	0xFE1
   439                           status	equ	0xFD8
   440                           
   441 ;; *************** function _SPI_WRITE *****************
   442 ;; Defined at:
   443 ;;		line 14 in file "MCP4821.c"
   444 ;; Parameters:    Size  Location     Type
   445 ;;  data            1    wreg     unsigned char 
   446 ;; Auto vars:     Size  Location     Type
   447 ;;  data            1    0[COMRAM] unsigned char 
   448 ;; Return value:  Size  Location     Type
   449 ;;                  1    wreg      unsigned char 
   450 ;; Registers used:
   451 ;;		wreg
   452 ;; Tracked objects:
   453 ;;		On entry : 0/0
   454 ;;		On exit  : 0/0
   455 ;;		Unchanged: 0/0
   456 ;; Data sizes:     COMRAM   BANK0   BANK1   BANK2   BANK3   BANK4   BANK5   BANK6   BANK7
   457 ;;      Params:         0       0       0       0       0       0       0       0       0
   458 ;;      Locals:         1       0       0       0       0       0       0       0       0
   459 ;;      Temps:          0       0       0       0       0       0       0       0       0
   460 ;;      Totals:         1       0       0       0       0       0       0       0       0
   461 ;;Total ram usage:        1 bytes
   462 ;; Hardware stack levels used:    1
   463 ;; This function calls:
   464 ;;		Nothing
   465 ;; This function is called by:
   466 ;;		_WRITE_MCP
   467 ;; This function uses a non-reentrant model
   468 ;;
   469                           
   470                           	psect	text3
   471  007F18                     __ptext3:
   472                           	opt stack 0
   473  007F18                     _SPI_WRITE:
   474                           	opt stack 29
   475                           
   476                           ;incstack = 0
   477                           ;SPI_WRITE@data stored from wreg
   478  007F18  6E2D               	movwf	SPI_WRITE@data,c
   479                           
   480                           ;MCP4821.c: 15: SSPBUF=data;
   481  007F1A  C02D  FFC9         	movff	SPI_WRITE@data,4041	;volatile
   482  007F1E                     l144:
   483  007F1E  A0C7               	btfss	4039,0,c	;volatile
   484  007F20  D7FE               	goto	l144
   485                           
   486                           ;MCP4821.c: 17: return SSPBUF;
   487                           ;	Return value of _SPI_WRITE is never used
   488  007F22  50C9               	movf	4041,w,c	;volatile
   489  007F24  0012               	return		;funcret
   490  007F26                     __end_of_SPI_WRITE:
   491                           	opt stack 0
   492                           tblptru	equ	0xFF8
   493                           tblptrh	equ	0xFF7
   494                           tblptrl	equ	0xFF6
   495                           tablat	equ	0xFF5
   496                           postinc0	equ	0xFEE
   497                           wreg	equ	0xFE8
   498                           postdec1	equ	0xFE5
   499                           fsr1l	equ	0xFE1
   500                           status	equ	0xFD8
   501                           
   502 ;; *************** function _SPI_INIT *****************
   503 ;; Defined at:
   504 ;;		line 5 in file "MCP4821.c"
   505 ;; Parameters:    Size  Location     Type
   506 ;;		None
   507 ;; Auto vars:     Size  Location     Type
   508 ;;		None
   509 ;; Return value:  Size  Location     Type
   510 ;;		None               void
   511 ;; Registers used:
   512 ;;		wreg, status,2
   513 ;; Tracked objects:
   514 ;;		On entry : 0/0
   515 ;;		On exit  : 0/0
   516 ;;		Unchanged: 0/0
   517 ;; Data sizes:     COMRAM   BANK0   BANK1   BANK2   BANK3   BANK4   BANK5   BANK6   BANK7
   518 ;;      Params:         0       0       0       0       0       0       0       0       0
   519 ;;      Locals:         0       0       0       0       0       0       0       0       0
   520 ;;      Temps:          0       0       0       0       0       0       0       0       0
   521 ;;      Totals:         0       0       0       0       0       0       0       0       0
   522 ;;Total ram usage:        0 bytes
   523 ;; Hardware stack levels used:    1
   524 ;; This function calls:
   525 ;;		Nothing
   526 ;; This function is called by:
   527 ;;		_main
   528 ;; This function uses a non-reentrant model
   529 ;;
   530                           
   531                           	psect	text4
   532  007F4A                     __ptext4:
   533                           	opt stack 0
   534  007F4A                     _SPI_INIT:
   535                           	opt stack 30
   536                           
   537                           ;MCP4821.c: 6: SSPSTATbits.SMP=0;
   538                           
   539                           ;incstack = 0
   540  007F4A  9EC7               	bcf	4039,7,c	;volatile
   541                           
   542                           ;MCP4821.c: 7: SSPSTATbits.CKE=0;
   543  007F4C  9CC7               	bcf	4039,6,c	;volatile
   544                           
   545                           ;MCP4821.c: 8: SSPCON1bits.SSPEN=1;
   546  007F4E  8AC6               	bsf	4038,5,c	;volatile
   547                           
   548                           ;MCP4821.c: 9: SSPCON1bits.CKP=0;
   549  007F50  98C6               	bcf	4038,4,c	;volatile
   550                           
   551                           ;MCP4821.c: 10: SSPCON1bits.SSPM=0;
   552  007F52  90C6               	bcf	4038,0,c	;volatile
   553  007F54  92C6               	bcf	4038,1,c	;volatile
   554  007F56  94C6               	bcf	4038,2,c	;volatile
   555  007F58  96C6               	bcf	4038,3,c	;volatile
   556                           
   557                           ;MCP4821.c: 11: TRISC=0X00;
   558  007F5A  0E00               	movlw	0
   559  007F5C  6E94               	movwf	3988,c	;volatile
   560  007F5E  0012               	return		;funcret
   561  007F60                     __end_of_SPI_INIT:
   562                           	opt stack 0
   563  0000                     tblptru	equ	0xFF8
   564                           tblptrh	equ	0xFF7
   565                           tblptrl	equ	0xFF6
   566                           tablat	equ	0xFF5
   567                           postinc0	equ	0xFEE
   568                           wreg	equ	0xFE8
   569                           postdec1	equ	0xFE5
   570                           fsr1l	equ	0xFE1
   571                           status	equ	0xFD8
   572                           tblptru	equ	0xFF8
   573                           tblptrh	equ	0xFF7
   574                           tblptrl	equ	0xFF6
   575                           tablat	equ	0xFF5
   576                           postinc0	equ	0xFEE
   577                           wreg	equ	0xFE8
   578                           postdec1	equ	0xFE5
   579                           fsr1l	equ	0xFE1
   580                           status	equ	0xFD8
   581                           
   582                           	psect	rparam
   583  0000                     tblptru	equ	0xFF8
   584                           tblptrh	equ	0xFF7
   585                           tblptrl	equ	0xFF6
   586                           tablat	equ	0xFF5
   587                           postinc0	equ	0xFEE
   588                           wreg	equ	0xFE8
   589                           postdec1	equ	0xFE5
   590                           fsr1l	equ	0xFE1
   591                           status	equ	0xFD8


Data Sizes:
    Strings     0
    Constant    0
    Data        17
    BSS         27
    Persistent  0
    Stack       0

Auto Spaces:
    Space          Size  Autos    Used
    COMRAM           95      6      50
    BANK0           160      0       0
    BANK1           256      0       0
    BANK2           256      0       0
    BANK3           256      0       0
    BANK4           256      0       0
    BANK5           256      0       0
    BANK6           256      0       0
    BANK7           256      0       0

Pointer List with Targets:

    buffer	PTR unsigned char  size(2) Largest target is 0
		 -> NULL(NULL[0]), 

    sp__read_msm	PTR unsigned char  size(2) Largest target is 25
		 -> read_msm@buffer(COMRAM[25]), 


Critical Paths under _main in COMRAM

    _main->_WRITE_MCP
    _WRITE_MCP->_SPI_WRITE

Critical Paths under _main in BANK0

    None.

Critical Paths under _main in BANK1

    None.

Critical Paths under _main in BANK2

    None.

Critical Paths under _main in BANK3

    None.

Critical Paths under _main in BANK4

    None.

Critical Paths under _main in BANK5

    None.

Critical Paths under _main in BANK6

    None.

Critical Paths under _main in BANK7

    None.

Call Graph Tables:

 ---------------------------------------------------------------------------------
 (Depth) Function   	        Calls       Base Space   Used Autos Params    Refs
 ---------------------------------------------------------------------------------
 (0) _main                                                 2     2      0     216
                                              4 COMRAM     2     2      0
                           _SPI_INIT
                          _WRITE_MCP
                           _set_port
 ---------------------------------------------------------------------------------
 (1) _set_port                                             0     0      0       0
 ---------------------------------------------------------------------------------
 (1) _WRITE_MCP                                            3     1      2     169
                                              1 COMRAM     3     1      2
                          _SPI_WRITE
 ---------------------------------------------------------------------------------
 (2) _SPI_WRITE                                            1     1      0      15
                                              0 COMRAM     1     1      0
 ---------------------------------------------------------------------------------
 (1) _SPI_INIT                                             0     0      0       0
 ---------------------------------------------------------------------------------
 Estimated maximum stack depth 2
 ---------------------------------------------------------------------------------

 Call Graph Graphs:

 _main (ROOT)
   _SPI_INIT
   _WRITE_MCP
     _SPI_WRITE
   _set_port

 Address spaces:
Name               Size   Autos  Total    Cost      Usage
BIGRAM             7FF      0       0      21        0.0%
EEDATA             100      0       0       0        0.0%
BITBANK7           100      0       0      18        0.0%
BANK7              100      0       0      19        0.0%
BITBANK6           100      0       0      16        0.0%
BANK6              100      0       0      17        0.0%
BITBANK5           100      0       0      14        0.0%
BANK5              100      0       0      15        0.0%
BITBANK4           100      0       0      12        0.0%
BANK4              100      0       0      13        0.0%
BITBANK3           100      0       0      10        0.0%
BANK3              100      0       0      11        0.0%
BITBANK2           100      0       0       8        0.0%
BANK2              100      0       0       9        0.0%
BITBANK1           100      0       0       6        0.0%
BANK1              100      0       0       7        0.0%
BITBANK0            A0      0       0       4        0.0%
BANK0               A0      0       0       5        0.0%
BITCOMRAM           5F      0       0       0        0.0%
COMRAM              5F      6      32       1       52.6%
BITSFR               0      0       0      40        0.0%
SFR                  0      0       0      40        0.0%
STACK                0      0       0       2        0.0%
NULL                 0      0       0       0        0.0%
ABS                  0      0      32      20        0.0%
DATA                 0      0      32       3        0.0%
CODE                 0      0       0       0        0.0%


Microchip Technology PIC18 Macro Assembler V1.35 build -356382666 
Symbol Table                                                                                   Thu Jun  1 16:47:07 2017

            _SSPSTATbits 000FC7              __CFG_BOR$ON 000000              __CFG_BORV$3 000000  
           __CFG_CP0$OFF 000000             __CFG_CP1$OFF 000000             __CFG_CP2$OFF 000000  
           __CFG_CP3$OFF 000000              __CFG_LVP$ON 000000                      l144 7F1E  
                    l946 7FF6                      l938 7FD4             __CFG_CPB$OFF 000000  
                    u107 7FF8             __CFG_CPD$OFF 000000                      _msm 001C  
                    wreg 000FE8             __CFG_WDT$OFF 000000                     _main 7FBA  
                   fsr1l 000FE1                     start 0000            __CFG_IESO$OFF 000000  
          __CFG_MCLRE$ON 000000             ___param_bank 000010            __CFG_PLLDIV$1 000000  
         __CFG_CCP2MX$ON 000000                    ?_main 002D                    _RCREG 000FAE  
                  _SPBRG 000FAF                    _PORTC 000F82                    _PORTD 000F83  
          __CFG_USBDIV$1 000000                    _TRISB 000F93                    _TRISC 000F94  
                  _TRISD 000F95                    _TXREG 000FAD            __CFG_PWRT$OFF 000000  
          __CFG_WRT0$OFF 000000            __CFG_WRT1$OFF 000000            __CFG_WRT2$OFF 000000  
          __CFG_WRT3$OFF 000000           __CFG_EBTR0$OFF 000000           __CFG_FCMEN$OFF 000000  
         __CFG_EBTR1$OFF 000000           __CFG_EBTR2$OFF 000000           __CFG_EBTR3$OFF 000000  
          __CFG_WRTB$OFF 000000            __CFG_WRTC$OFF 000000            __CFG_WRTD$OFF 000000  
         __CFG_EBTRB$OFF 000000         __end_of_SPI_INIT 7F60                    main@a 0031  
                  tablat 000FF5       __size_of_SPI_WRITE 000E                    status 000FD8  
         __CFG_ICPRT$OFF 000000           __CFG_PBADEN$ON 000000       __size_of_WRITE_MCP 0028  
        __initialization 7F88             __end_of_main 8000            SPI_WRITE@data 002D  
                 ??_main 0031            __activetblptr 000000                   _ADCON1 000FC1  
                 _ADRESH 000FC4                   _ADRESL 000FC3                   _SPBRGH 000FB0  
                 _SSPBUF 000FC9           __CFG_XINST$OFF 000000           __CFG_STVREN$ON 000000  
                 _buffer 0001                   clear_0 7F8E        __end_of_SPI_WRITE 7F26  
           __pdataCOMRAM 001C         __end_of_set_port 7F4A        __end_of_WRITE_MCP 7F88  
                 tblptrh 000FF7                   tblptrl 000FF6                   tblptru 000FF8  
             __accesstop 0060  __end_of__initialization 7FB4            ___rparam_used 000001  
           WRITE_MCP@aux 0030           __pcstackCOMRAM 002D                ?_SPI_INIT 002D  
             ??_SPI_INIT 002D          __CFG_VREGEN$OFF 000000                  __Hparam 0000  
                __Lparam 0000                ?_set_port 002D                  __pcinit 7F88  
                __ramtop 0800                  __ptext0 7FBA                  __ptext1 7F38  
                __ptext2 7F60                  __ptext3 7F18                  __ptext4 7F4A  
   end_of_initialization 7FB4               ??_set_port 002D                _RCSTAbits 000FAB  
                postdec1 000FE5                  postinc0 000FEE                _PORTBbits 000F81  
              _PORTDbits 000F83                _SPI_WRITE 7F18                _TRISAbits 000F92  
              _TRISCbits 000F94                _WRITE_MCP 7F60                _TXSTAbits 000FAC  
          WRITE_MCP@data 002E              _BAUDCONbits 000FB8            __pidataCOMRAM 7F27  
      __size_of_SPI_INIT 0016               ?_SPI_WRITE 002D      start_initialization 7F88  
             ?_WRITE_MCP 002E         __CFG_LPT1OSC$OFF 000000              __pbssCOMRAM 0001  
      __size_of_set_port 0012              ??_SPI_WRITE 002D              ??_WRITE_MCP 0030  
               _PIR1bits 000F9E         __CFG_WDTPS$32768 000000                 _SPI_INIT 7F4A  
             _ADCON0bits 000FC2               _ADCON2bits 000FC0                copy_data0 7FA8  
               __Hrparam 0000                 __Lrparam 0000            __size_of_main 0046  
               _set_port 7F38    __CFG_CPUDIV$OSC1_PLL2 000000               _OSCCONbits 000FD3  
         read_msm@buffer 0003      __CFG_FOSC$INTOSC_EC 000000              _SSPCON1bits 000FC6  
