MPASM 5.70  /MEDIA/GAME/C1570FAF-5FE1-4385-A   4-13-2017  20:48:14         PAGE  1


LOC  OBJECT CODE     LINE SOURCE TEXT
  VALUE

                      00001 ; TODO INSERT CONFIG CODE HERE USING CONFIG BITS GENERATOR
Warning[205]: Found directive in column 1. (list)
                      00002 list    p=16f887
Warning[205]: Found directive in column 1. (INCLUDE)
                      00003 INCLUDE "p16f887.inc"
                      00001         LIST
                      00002 
                      00003 ;==========================================================================
                      00004 ; Build date : Sep 13 2016
                      00005 ;  MPASM PIC16F887 processor include
                      00006 ; 
                      00007 ;  (c) Copyright 1999-2016 Microchip Technology, All rights reserved
                      00008 ;==========================================================================
                      00009 
                      00810         LIST
                      00004 
                      00005 ; CONFIG1
                      00006 ; __config 0xFBF2
2007   3BF2           00007  __CONFIG _CONFIG1, _FOSC_HS & _WDTE_OFF & _PWRTE_OFF & _MCLRE_ON & _CP_OFF & _CPD_OFF & _BOREN_ON & _IE
                            SO_OFF & _FCMEN_ON & _LVP_ON
                      00008 ; CONFIG2
                      00009 ; __config 0xFFFF
2008   3FFF           00010  __CONFIG _CONFIG2, _BOR4V_BOR40V & _WRT_OFF
                      00011 
                      00012 ;cristal 8MHz
                      00013 
Warning[205]: Found directive in column 1. (CBLOCK)
                      00014 CBLOCK 0X20
  00000020            00015  REG1
  00000021            00016  REG2
  00000022            00017  REG3
  00000023            00018  REG4
  00000024            00019  REG5
  00000025            00020  REG6
  00000026            00021  REG7
  00000027            00022  REG8
  00000028            00023  FLAG
  00000029            00024  LONG  ;NUMERO DE LINEAS DE LA MATRICES 32
Warning[205]: Found directive in column 1. (ENDC)
                      00025 ENDC
Warning[205]: Found directive in column 1. (CBLOCK)
                      00026 CBLOCK 0X35
  00000035            00027  UNIDADES
  00000036            00028  DECENAS
  00000037            00029  CENTENAS
  00000038            00030  MIL
Warning[205]: Found directive in column 1. (ENDC)
                      00031 ENDC
                      00032 
                      00033 
                      00034 RES_VECT  CODE    0x0000            ; processor reset vector
0000   2???           00035     GOTO    START                   ; go to beginning of program
                      00036 
MPASM 5.70  /MEDIA/GAME/C1570FAF-5FE1-4385-A   4-13-2017  20:48:14         PAGE  2


LOC  OBJECT CODE     LINE SOURCE TEXT
  VALUE

                      00037 MAIN_PROG CODE                      ; let linker place main program
                      00038 
Warning[205]: Found directive in column 1. (ORG)
                      00039 ORG 0X05
                      00040 
0005                  00041 START
0005   1683           00042     BSF     STATUS,5
Message[302]: Register in operand not in bank 0.  Ensure that bank bits are correct.
0006   0188           00043     CLRF    TRISD
Message[302]: Register in operand not in bank 0.  Ensure that bank bits are correct.
0007   0187           00044     CLRF    TRISC
0008   1283           00045     BCF     STATUS,5            ;BANCO 0
0009   01A8           00046     CLRF    FLAG
000A   01A3           00047     CLRF    REG4
000B   0187           00048     CLRF    PORTC
000C   0188           00049     CLRF    PORTD  
000D   01A4           00050     CLRF    REG5
000E   01A6           00051     CLRF    REG7
000F                  00052 DD: 
Message[305]: Using default destination of 1 (file).
000F   0AA6           00053     INCF    REG7    ;SE INCREMENTA CADA VES QUE SE ACTUALIZA LAS MATRICES
0010   1FA6           00054     BTFSS   REG7,7  ;SE USA COMO TIEMPO DE INCREMENTO DEL CONTADOR
0011   2???           00055     GOTO    $+3
0012   01A6           00056     CLRF    REG7
0013   2???           00057     CALL    BCDD
0014   3035           00058     MOVLW   0X35
0015   0084           00059     MOVWF   FSR
0016   2???           00060     CALL    DIRE
0017   2???           00061     CALL    L_TABLA
0018   2???           00062     CALL    INI74HC
0019   2???           00063     CALL    RETARDO
001A                  00064 FF:
                      00065     ;--SE USA PARA APAGAR LA COLUMNA DE LA MATRIZ
001A   30FF           00066     MOVLW   .255
001B   0087           00067     MOVWF   PORTC
001C   2???           00068     CALL    L74HC
001D                  00069 INCDD:
Message[305]: Using default destination of 1 (file).
001D   0AA4           00070     INCF    REG5    ;SE INCREMENTA HASTA 8
001E   1DA4           00071     BTFSS   REG5,3  ;DETERMINA SI ES 8 O MENOR
001F   2???           00072     GOTO    TAL
                      00073     ;SI ES MAYOR QUE 8, ES QUE CAMBIAMOS DE MATRIZ, ES DECIR DE UNIDADES A DECENAS
                      00074     ;O DE DECENAS A CENTENENAS O DE CENTENAS A MIL
Message[305]: Using default destination of 1 (file).
0020   0A84           00075     INCF    FSR
0021   01A4           00076     CLRF    REG5 ;SE REINCIA PARA INDICAR QUE ES LA PRIMERA COLUMNA DE UNA MATRIZ
0022   2???           00077     CALL    DIRE ;CALCULA LA POSICION, 0X1000+8*(INDF)   
0023   1CA8           00078     BTFSS   FLAG,1 ; SE USA PARA DETERMINAR QUE SE HAN RECORRIDO LAS 32 LINEAS DE LAS MATRICES
0024   2???           00079     GOTO    TAL
0025   2???           00080     GOTO    DD
0026                  00081 TAL:
                      00082     ;SE LEE EL DATO CORRESPONDIENTE A LA COLUMNA
0026   2???           00083     CALL    L_TABLA
MPASM 5.70  /MEDIA/GAME/C1570FAF-5FE1-4385-A   4-13-2017  20:48:14         PAGE  3


LOC  OBJECT CODE     LINE SOURCE TEXT
  VALUE

0027   2???           00084     CALL    RETARDO
0028   2???           00085     GOTO    FF
                      00086     
                      00087     
0029   2???           00088     GOTO $                          ; loop forever
                      00089 ;.......DESPLAZAMIENTO DE BIT  MATRIZ................
002A                  00090 L74HC
Message[305]: Using default destination of 1 (file).
002A   03A9           00091     DECF    LONG    
002B   1D03           00092     BTFSS   STATUS,Z
002C   2???           00093     GOTO    $+3
002D   14A8           00094     BSF     FLAG,1  ;INDICA QUE SE RECORRIERON LAS 32 LINEAS DE LAS MATRICES
002E   0008           00095     RETURN
002F   10A8           00096     BCF     FLAG,1  ;INDICA QUE NO SE HAN RECORIODO LAS 32 LINEAS DE LAS MATRICES
0030   1408           00097     BSF     PORTD,0 ;CLOCK
0031   1008           00098     BCF     PORTD,0 ;CLOCK
0032   0008           00099     RETURN
                      00100     
0033                  00101 INI74HC
0033   3020           00102     MOVLW   .32
0034   00A9           00103     MOVWF   LONG 
0035   1008           00104     BCF     PORTD,0 ;CLOCK
0036   1488           00105     BSF     PORTD,1 ;DATA
0037   1408           00106     BSF     PORTD,0 ;CLOCK
0038   1008           00107     BCF     PORTD,0 ;CLOCK
0039   1088           00108     BCF     PORTD,1 ;DATA
003A   0008           00109     RETURN
                      00110     
                      00111 ;-------------------------------------------------
                      00112 ;---LEE LA TABLA,MODIFICA EL PCH PARA PODER ACEDER----------
003B                  00113 L_TABLA
003B   3010           00114     MOVLW   .16     
003C   008A           00115     MOVWF   PCLATH  ;SE CAMBIA EL PC A LA POSICION 0X1000
003D   0827           00116     MOVF    REG8,W
003E   0724           00117     ADDWF   REG5,W
003F   2???           00118     CALL    NUMEROS
0040   018A           00119     CLRF    PCLATH
0041   0087           00120     MOVWF   PORTC
0042   0008           00121     RETURN
                      00122 ;..................................................
                      00123 ;------CALCULA LA DIRECION DE LA TABLA CORRESPONDIENTE AL CARACTER------------- 
0043                  00124 DIRE
0043   3008           00125     MOVLW   .8
0044   00A3           00126     MOVWF   REG4
0045   0800           00127     MOVF    INDF,W
0046   00A2           00128     MOVWF   REG3
0047   2???           00129     CALL    MULTI
0048   0822           00130     MOVF    REG3,W
0049   00A7           00131     MOVWF   REG8    
004A   0008           00132     RETURN
                      00133 ;..................................................
                      00134 ;.....MULTIPLICACION...............................   
004B                  00135 MULTI
MPASM 5.70  /MEDIA/GAME/C1570FAF-5FE1-4385-A   4-13-2017  20:48:14         PAGE  4


LOC  OBJECT CODE     LINE SOURCE TEXT
  VALUE

004B   0822           00136             MOVF   REG3,W
004C   03A3           00137             DECF   REG4,F
004D                  00138 ESTADO      
004D   07A2           00139             ADDWF   REG3,F
004E   03A3           00140             DECF    REG4,F
004F   1D03           00141             BTFSS   STATUS,Z
0050   2???           00142             GOTO    $-3
0051   0008           00143             RETURN
                      00144 ;..................................................
                      00145             
                      00146 
                      00147 ;........CONTADOR BCD.......................................+
0052                  00148 BCDD
0052   3035           00149     MOVLW   0X35
0053   0084           00150     MOVWF   FSR
0054                  00151 BCCC
0054   1028           00152     BCF     FLAG,0
0055   0800           00153     MOVF    INDF,W
0056   2???           00154     CALL    CONTADOR
0057   0080           00155     MOVWF   INDF
0058   1C28           00156     BTFSS   FLAG,0
0059   0008           00157     RETURN
005A   0180           00158     CLRF    INDF
Message[305]: Using default destination of 1 (file).
005B   0A84           00159     INCF    FSR
005C   2???           00160     GOTO    BCCC
                      00161 ;.....................................................
                      00162 
                      00163 
                      00164 ;*++++++CONTADOR DE 0 A 9 +++++++++++++++++++++
005D   00A2           00165 CONTADOR    MOVWF    REG3
Message[305]: Using default destination of 1 (file).
005E   0AA2           00166             INCF     REG3
005F   0822           00167             MOVF     REG3,W
0060   3A0A           00168             XORLW   .10
0061   1D03           00169             BTFSS   STATUS,Z
0062   2???           00170             GOTO    MENOR
0063   3000           00171             MOVLW   .0
0064   1428           00172             BSF     FLAG,0
0065   0008           00173             RETURN
0066   0822           00174 MENOR       MOVF    REG3,W
0067   0008           00175             RETURN
                      00176 ;++++++++++++++++++++++++++++++++++++++++++++++++++++++
                      00177 
                      00178 ;----------RUTINA DE RETARDO---------------
0068   3002           00179 RETARDO         MOVLW   .2
0069   00A2           00180                 MOVWF   REG3
006A   3002           00181 DOS             MOVLW   .2
006B   00A1           00182                 MOVWF   REG2
006C   3019           00183 UNO             MOVLW   .25
006D   00A0           00184                 MOVWF   REG1
006E   0BA0           00185                 DECFSZ  REG1,1
006F   2???           00186                 GOTO    $-1
MPASM 5.70  /MEDIA/GAME/C1570FAF-5FE1-4385-A   4-13-2017  20:48:14         PAGE  5


LOC  OBJECT CODE     LINE SOURCE TEXT
  VALUE

0070   0BA1           00187                 DECFSZ  REG2,1
0071   2???           00188                 GOTO    UNO
0072   0BA2           00189                 DECFSZ  REG3,1
0073   2???           00190                 GOTO    DOS
0074   0008           00191                 RETURN
                      00192 ;------------------------------------------
Warning[205]: Found directive in column 1. (ORG)
                      00193 ORG 0X1000              
1000                  00194 NUMEROS:                
1000   0782           00195     ADDWF       PCL,1
1001   34FF 3400 343C 00196         DT      .255,.0,.60,.60,.60,.0,.255,.255                    ;NUMERO 0
       343C 343C 3400 
       34FF 34FF 
1009   34FF 34FE 34FE 00197         DT      .255,.254,.254,.0,.190,.254,.255,.255       ;NUMERO 1
       3400 34BE 34FE 
       34FF 34FF 
1011   34FF 348E 3476 00198         DT      .255,.142,.118,.122,.156,.254,.255,.255     ;NUMERO 2
       347A 349C 34FE 
       34FF 34FF 
1019   34FF 3478 3416 00199         DT      .255,.120,.22,.110,.126,.125,.255,.255      ;NUEMR0 3
       346E 347E 347D 
       34FF 34FF 
1021   34FF 34F7 3400 00200         DT      .255,.247,.0,.183,.215,.231,.247,.255       ;NUMERO 4
       34B7 34D7 34E7 
       34F7 34FF 
1029   34FF 3471 346E 00201         DT      .255,.113,.110,.110,.110,.13,.255,.255      ;NUMERO 5
       346E 346E 340D 
       34FF 34FF 
1031   34FF 34F1 346E 00202         DT      .255,.241,.110,.110,.174,.193,.255,.255     ;NUMERO 6
       346E 34AE 34C1 
       34FF 34FF 
1039   34FF 341F 346F 00203         DT      .255,.31,.111,.112,.127,.63,.255,.255       ;NUMERO 7
       3470 347F 343F 
       34FF 34FF 
1041   34FF 3491 346E 00204         DT      .255,.145,.110,.110,.110,.145,.255,.255     ;NUMERO 8
       346E 346E 3491 
       34FF 34FF 
1049   34FF 3483 346D 00205         DT      .255,.131,.109,.110,.111,.159,.255,.255     ;NUMERO 9
       346E 346F 349F 
       34FF 34FF 
Warning[205]: Found directive in column 1. (END)
3BF2 3FFF             00206 END
MPASM 5.70  /MEDIA/GAME/C1570FAF-5FE1-4385-A   4-13-2017  20:48:14         PAGE  6


SYMBOL TABLE
  LABEL                             VALUE 

ABDEN                             00000000
ABDOVF                            00000007
ACKDT                             00000005
ACKEN                             00000004
ACKSTAT                           00000006
ADCON0                            0000001F
ADCON1                            0000009F
ADCS0                             00000006
ADCS1                             00000007
ADDEN                             00000003
ADFM                              00000007
ADIE                              00000006
ADIF                              00000006
ADON                              00000000
ADRESH                            0000001E
ADRESL                            0000009E
ANS0                              00000000
ANS1                              00000001
ANS10                             00000002
ANS11                             00000003
ANS12                             00000004
ANS13                             00000005
ANS2                              00000002
ANS3                              00000003
ANS4                              00000004
ANS5                              00000005
ANS6                              00000006
ANS7                              00000007
ANS8                              00000000
ANS9                              00000001
ANSEL                             00000188
ANSELH                            00000189
BAUDCTL                           00000187
BCCC                              00000054
BCDD                              00000052
BCLIE                             00000003
BCLIF                             00000003
BF                                00000000
BRG0                              00000000
BRG1                              00000001
BRG10                             00000002
BRG11                             00000003
BRG12                             00000004
BRG13                             00000005
BRG14                             00000006
BRG15                             00000007
BRG16                             00000003
BRG2                              00000002
BRG3                              00000003
BRG4                              00000004
BRG5                              00000005
BRG6                              00000006
BRG7                              00000007
MPASM 5.70  /MEDIA/GAME/C1570FAF-5FE1-4385-A   4-13-2017  20:48:14         PAGE  7


SYMBOL TABLE
  LABEL                             VALUE 

BRG8                              00000000
BRG9                              00000001
BRGH                              00000002
C                                 00000000
C1CH0                             00000000
C1CH1                             00000001
C1IE                              00000005
C1IF                              00000005
C1OE                              00000005
C1ON                              00000007
C1OUT                             00000006
C1POL                             00000004
C1R                               00000002
C1RSEL                            00000005
C1SEN                             00000005
C2CH0                             00000000
C2CH1                             00000001
C2IE                              00000006
C2IF                              00000006
C2OE                              00000005
C2ON                              00000007
C2OUT                             00000006
C2POL                             00000004
C2R                               00000002
C2REN                             00000004
C2RSEL                            00000004
C2SYNC                            00000000
CCP1CON                           00000017
CCP1IE                            00000002
CCP1IF                            00000002
CCP1M0                            00000000
CCP1M1                            00000001
CCP1M2                            00000002
CCP1M3                            00000003
CCP1X                             00000005
CCP1Y                             00000004
CCP2CON                           0000001D
CCP2IE                            00000000
CCP2IF                            00000000
CCP2M0                            00000000
CCP2M1                            00000001
CCP2M2                            00000002
CCP2M3                            00000003
CCP2X                             00000005
CCP2Y                             00000004
CCPR1                             00000015
CCPR1H                            00000016
CCPR1L                            00000015
CCPR2                             0000001B
CCPR2H                            0000001C
CCPR2L                            0000001B
CENTENAS                          00000037
CHS0                              00000002
MPASM 5.70  /MEDIA/GAME/C1570FAF-5FE1-4385-A   4-13-2017  20:48:14         PAGE  8


SYMBOL TABLE
  LABEL                             VALUE 

CHS1                              00000003
CHS2                              00000004
CHS3                              00000005
CKE                               00000006
CKP                               00000004
CM1CON0                           00000107
CM2CON0                           00000108
CM2CON1                           00000109
CONTADOR                          0000005D
CREN                              00000004
CSRC                              00000007
D                                 00000005
DATA_ADDRESS                      00000005
DC                                00000001
DC1B0                             00000004
DC1B1                             00000005
DC2B0                             00000004
DC2B1                             00000005
DD                                0000000F
DECENAS                           00000036
DIRE                              00000043
DOS                               0000006A
D_A                               00000005
D_NOT_A                           00000005
ECCPAS                            0000009C
ECCPAS0                           00000004
ECCPAS1                           00000005
ECCPAS2                           00000006
ECCPASE                           00000007
EEADR                             0000010D
EEADRH                            0000010F
EECON1                            0000018C
EECON2                            0000018D
EEDAT                             0000010C
EEDATA                            0000010C
EEDATH                            0000010E
EEIE                              00000004
EEIF                              00000004
EEPGD                             00000007
ESTADO                            0000004D
F                                 00000001
FERR                              00000002
FF                                0000001A
FLAG                              00000028
FSR                               00000004
FVREN                             00000000
GCEN                              00000007
GIE                               00000007
GO                                00000001
GO_DONE                           00000001
GO_NOT_DONE                       00000001
HTS                               00000002
I2C_DATA                          00000005
MPASM 5.70  /MEDIA/GAME/C1570FAF-5FE1-4385-A   4-13-2017  20:48:14         PAGE  9


SYMBOL TABLE
  LABEL                             VALUE 

I2C_READ                          00000002
I2C_START                         00000003
I2C_STOP                          00000004
INCDD                             0000001D
INDF                              00000000
INI74HC                           00000033
INTCON                            0000000B
INTE                              00000004
INTEDG                            00000006
INTF                              00000001
IOCB                              00000096
IOCB0                             00000000
IOCB1                             00000001
IOCB2                             00000002
IOCB3                             00000003
IOCB4                             00000004
IOCB5                             00000005
IOCB6                             00000006
IOCB7                             00000007
IRCF0                             00000004
IRCF1                             00000005
IRCF2                             00000006
IRP                               00000007
L74HC                             0000002A
LONG                              00000029
LTS                               00000001
L_TABLA                           0000003B
MC1OUT                            00000007
MC2OUT                            00000006
MENOR                             00000066
MIL                               00000038
MSK                               00000093
MSK0                              00000000
MSK1                              00000001
MSK2                              00000002
MSK3                              00000003
MSK4                              00000004
MSK5                              00000005
MSK6                              00000006
MSK7                              00000007
MULTI                             0000004B
NOT_A                             00000005
NOT_ADDRESS                       00000005
NOT_BO                            00000000
NOT_BOR                           00000000
NOT_DONE                          00000001
NOT_PD                            00000003
NOT_POR                           00000001
NOT_RBPU                          00000007
NOT_RC8                           00000006
NOT_T1SYNC                        00000002
NOT_TO                            00000004
NOT_TX8                           00000006
MPASM 5.70  /MEDIA/GAME/C1570FAF-5FE1-4385-A   4-13-2017  20:48:14         PAGE 10


SYMBOL TABLE
  LABEL                             VALUE 

NOT_W                             00000002
NOT_WRITE                         00000002
NUMEROS                           00001000
OERR                              00000001
OPTION_REG                        00000081
OSCCON                            0000008F
OSCTUNE                           00000090
OSFIE                             00000007
OSFIF                             00000007
OSTS                              00000003
P                                 00000004
P1M0                              00000006
P1M1                              00000007
PCL                               00000002
PCLATH                            0000000A
PCON                              0000008E
PDC0                              00000000
PDC1                              00000001
PDC2                              00000002
PDC3                              00000003
PDC4                              00000004
PDC5                              00000005
PDC6                              00000006
PEIE                              00000006
PEN                               00000002
PIE1                              0000008C
PIE2                              0000008D
PIR1                              0000000C
PIR2                              0000000D
PORTA                             00000005
PORTB                             00000006
PORTC                             00000007
PORTD                             00000008
PORTE                             00000009
PR2                               00000092
PRSEN                             00000007
PS0                               00000000
PS1                               00000001
PS2                               00000002
PSA                               00000003
PSSAC0                            00000002
PSSAC1                            00000003
PSSBD0                            00000000
PSSBD1                            00000001
PSTRCON                           0000009D
PULSR                             00000002
PULSS                             00000003
PWM1CON                           0000009B
R                                 00000002
RA0                               00000000
RA1                               00000001
RA2                               00000002
RA3                               00000003
MPASM 5.70  /MEDIA/GAME/C1570FAF-5FE1-4385-A   4-13-2017  20:48:14         PAGE 11


SYMBOL TABLE
  LABEL                             VALUE 

RA4                               00000004
RA5                               00000005
RA6                               00000006
RA7                               00000007
RB0                               00000000
RB1                               00000001
RB2                               00000002
RB3                               00000003
RB4                               00000004
RB5                               00000005
RB6                               00000006
RB7                               00000007
RBIE                              00000003
RBIF                              00000000
RC0                               00000000
RC1                               00000001
RC2                               00000002
RC3                               00000003
RC4                               00000004
RC5                               00000005
RC6                               00000006
RC7                               00000007
RC8_9                             00000006
RC9                               00000006
RCD8                              00000000
RCEN                              00000003
RCIDL                             00000006
RCIE                              00000005
RCIF                              00000005
RCREG                             0000001A
RCSTA                             00000018
RD                                00000000
RD0                               00000000
RD1                               00000001
RD2                               00000002
RD3                               00000003
RD4                               00000004
RD5                               00000005
RD6                               00000006
RD7                               00000007
RE0                               00000000
RE1                               00000001
RE2                               00000002
RE3                               00000003
READ_WRITE                        00000002
REG1                              00000020
REG2                              00000021
REG3                              00000022
REG4                              00000023
REG5                              00000024
REG6                              00000025
REG7                              00000026
REG8                              00000027
MPASM 5.70  /MEDIA/GAME/C1570FAF-5FE1-4385-A   4-13-2017  20:48:14         PAGE 12


SYMBOL TABLE
  LABEL                             VALUE 

RETARDO                           00000068
RP0                               00000005
RP1                               00000006
RSEN                              00000001
RX9                               00000006
RX9D                              00000000
R_NOT_W                           00000002
R_W                               00000002
S                                 00000003
SBOREN                            00000004
SCKP                              00000004
SCS                               00000000
SEN                               00000000
SENDB                             00000003
SMP                               00000007
SPBRG                             00000099
SPBRGH                            0000009A
SPEN                              00000007
SR0                               00000006
SR1                               00000007
SRCON                             00000185
SREN                              00000005
SSPADD                            00000093
SSPBUF                            00000013
SSPCON                            00000014
SSPCON2                           00000091
SSPEN                             00000005
SSPIE                             00000003
SSPIF                             00000003
SSPM0                             00000000
SSPM1                             00000001
SSPM2                             00000002
SSPM3                             00000003
SSPMSK                            00000093
SSPOV                             00000006
SSPSTAT                           00000094
START                             00000005
STATUS                            00000003
STRA                              00000000
STRB                              00000001
STRC                              00000002
STRD                              00000003
STRSYNC                           00000004
SWDTEN                            00000000
SYNC                              00000004
T0CS                              00000005
T0IE                              00000005
T0IF                              00000002
T0SE                              00000004
T1CKPS0                           00000004
T1CKPS1                           00000005
T1CON                             00000010
T1GINV                            00000007
MPASM 5.70  /MEDIA/GAME/C1570FAF-5FE1-4385-A   4-13-2017  20:48:14         PAGE 13


SYMBOL TABLE
  LABEL                             VALUE 

T1GIV                             00000007
T1GSS                             00000001
T1INSYNC                          00000002
T1OSCEN                           00000003
T1SYNC                            00000002
T2CKPS0                           00000000
T2CKPS1                           00000001
T2CON                             00000012
TAL                               00000026
TMR0                              00000001
TMR0IE                            00000005
TMR0IF                            00000002
TMR1                              0000000E
TMR1CS                            00000001
TMR1GE                            00000006
TMR1H                             0000000F
TMR1IE                            00000000
TMR1IF                            00000000
TMR1L                             0000000E
TMR1ON                            00000000
TMR2                              00000011
TMR2IE                            00000001
TMR2IF                            00000001
TMR2ON                            00000002
TOUTPS0                           00000003
TOUTPS1                           00000004
TOUTPS2                           00000005
TOUTPS3                           00000006
TRISA                             00000085
TRISA0                            00000000
TRISA1                            00000001
TRISA2                            00000002
TRISA3                            00000003
TRISA4                            00000004
TRISA5                            00000005
TRISA6                            00000006
TRISA7                            00000007
TRISB                             00000086
TRISB0                            00000000
TRISB1                            00000001
TRISB2                            00000002
TRISB3                            00000003
TRISB4                            00000004
TRISB5                            00000005
TRISB6                            00000006
TRISB7                            00000007
TRISC                             00000087
TRISC0                            00000000
TRISC1                            00000001
TRISC2                            00000002
TRISC3                            00000003
TRISC4                            00000004
TRISC5                            00000005
MPASM 5.70  /MEDIA/GAME/C1570FAF-5FE1-4385-A   4-13-2017  20:48:14         PAGE 14


SYMBOL TABLE
  LABEL                             VALUE 

TRISC6                            00000006
TRISC7                            00000007
TRISD                             00000088
TRISD0                            00000000
TRISD1                            00000001
TRISD2                            00000002
TRISD3                            00000003
TRISD4                            00000004
TRISD5                            00000005
TRISD6                            00000006
TRISD7                            00000007
TRISE                             00000089
TRISE0                            00000000
TRISE1                            00000001
TRISE2                            00000002
TRISE3                            00000003
TRMT                              00000001
TUN0                              00000000
TUN1                              00000001
TUN2                              00000002
TUN3                              00000003
TUN4                              00000004
TX8_9                             00000006
TX9                               00000006
TX9D                              00000000
TXD8                              00000000
TXEN                              00000005
TXIE                              00000004
TXIF                              00000004
TXREG                             00000019
TXSTA                             00000098
UA                                00000001
ULPWUE                            00000005
ULPWUIE                           00000002
ULPWUIF                           00000002
UNIDADES                          00000035
UNO                               0000006C
VCFG0                             00000004
VCFG1                             00000005
VR0                               00000000
VR1                               00000001
VR2                               00000002
VR3                               00000003
VRCON                             00000097
VREN                              00000007
VROE                              00000006
VRR                               00000005
VRSS                              00000004
W                                 00000000
WCOL                              00000007
WDTCON                            00000105
WDTPS0                            00000001
WDTPS1                            00000002
MPASM 5.70  /MEDIA/GAME/C1570FAF-5FE1-4385-A   4-13-2017  20:48:14         PAGE 15


SYMBOL TABLE
  LABEL                             VALUE 

WDTPS2                            00000003
WDTPS3                            00000004
WPUB                              00000095
WPUB0                             00000000
WPUB1                             00000001
WPUB2                             00000002
WPUB3                             00000003
WPUB4                             00000004
WPUB5                             00000005
WPUB6                             00000006
WPUB7                             00000007
WR                                00000001
WREN                              00000002
WRERR                             00000003
WUE                               00000001
Z                                 00000002
_.org_0_0011                      00000011
_.org_0_0029                      00000029
_.org_0_002C                      0000002C
_.org_0_0050                      00000050
_.org_0_006F                      0000006F
_BOR21V                           00003EFF
_BOR40V                           00003FFF
_BOR4V_BOR21V                     00003EFF
_BOR4V_BOR40V                     00003FFF
_BOREN_NSLEEP                     00003EFF
_BOREN_OFF                        00003CFF
_BOREN_ON                         00003FFF
_BOREN_SBODEN                     00003DFF
_BOR_NSLEEP                       00003EFF
_BOR_OFF                          00003CFF
_BOR_ON                           00003FFF
_BOR_SBODEN                       00003DFF
_CONFIG1                          00002007
_CONFIG2                          00002008
_CPD_OFF                          00003FFF
_CPD_ON                           00003F7F
_CP_OFF                           00003FFF
_CP_ON                            00003FBF
_DEBUG_OFF                        00003FFF
_DEBUG_ON                         00001FFF
_DEVID1                           00002006
_EC_OSC                           00003FFB
_EXTRC                            00003FFF
_EXTRCIO                          00003FFE
_EXTRC_OSC_CLKOUT                 00003FFF
_EXTRC_OSC_NOCLKOUT               00003FFE
_FCMEN_OFF                        000037FF
_FCMEN_ON                         00003FFF
_FOSC_EC                          00003FFB
_FOSC_EXTRC_CLKOUT                00003FFF
_FOSC_EXTRC_NOCLKOUT              00003FFE
_FOSC_HS                          00003FFA
MPASM 5.70  /MEDIA/GAME/C1570FAF-5FE1-4385-A   4-13-2017  20:48:14         PAGE 16


SYMBOL TABLE
  LABEL                             VALUE 

_FOSC_INTRC_CLKOUT                00003FFD
_FOSC_INTRC_NOCLKOUT              00003FFC
_FOSC_LP                          00003FF8
_FOSC_XT                          00003FF9
_HS_OSC                           00003FFA
_IDLOC0                           00002000
_IDLOC1                           00002001
_IDLOC2                           00002002
_IDLOC3                           00002003
_IESO_OFF                         00003BFF
_IESO_ON                          00003FFF
_INTOSC                           00003FFD
_INTOSCIO                         00003FFC
_INTRC_OSC_CLKOUT                 00003FFD
_INTRC_OSC_NOCLKOUT               00003FFC
_LP_OSC                           00003FF8
_LVP_OFF                          00002FFF
_LVP_ON                           00003FFF
_MCLRE_OFF                        00003FDF
_MCLRE_ON                         00003FFF
_PWRTE_OFF                        00003FFF
_PWRTE_ON                         00003FEF
_WDTE_OFF                         00003FF7
_WDTE_ON                          00003FFF
_WDT_OFF                          00003FF7
_WDT_ON                           00003FFF
_WRT_1FOURTH                      00003BFF
_WRT_256                          00003DFF
_WRT_HALF                         000039FF
_WRT_OFF                          00003FFF
_XT_OSC                           00003FF9
__16F887                          00000001

Errors   :     0
Warnings :     9 reported,     0 suppressed
Messages :     8 reported,     0 suppressed

