

Microchip Technology PIC18 LITE Macro Assembler V1.35 build -356382666 
                                                                                               Wed May 31 03:48:16 2017

Microchip Technology Omniscient Code Generator v1.35 (Free mode) build 201507080246
     1                           	processor	18F4550
     2                           	fnconf	rparam,??,?,0
     3                           	opt	pw 120
     4                           	opt	lm
     5                           	psect	cinit,global,reloc=2,class=CODE,delta=1
     6                           	psect	cstackCOMRAM,global,class=COMRAM,space=1,delta=1
     7                           	psect	text0,global,reloc=2,class=CODE,delta=1
     8                           	psect	text1,global,reloc=2,class=CODE,delta=1
     9                           	psect	text2,global,reloc=2,class=CODE,delta=1
    10                           	psect	text3,global,reloc=2,class=CODE,delta=1
    11                           	psect	text4,global,reloc=2,class=CODE,delta=1
    12                           	psect	text5,global,reloc=2,class=CODE,delta=1
    13                           	psect	text6,global,reloc=2,class=CODE,delta=1
    14                           	psect	intsave_regs,global,class=BIGRAM,space=1,delta=1
    15                           	psect	rparam,global,class=COMRAM,space=1,delta=1
    16  0000                     _ADCON0bits	set	4034
    17  0000                     _ADCON1	set	4033
    18  0000                     _ADCON2bits	set	4032
    19  0000                     _ADRESH	set	4036
    20  0000                     _ADRESL	set	4035
    21  0000                     _BAUDCONbits	set	4024
    22  0000                     _OSCCONbits	set	4051
    23  0000                     _PIR1bits	set	3998
    24  0000                     _PORTC	set	3970
    25  0000                     _PORTD	set	3971
    26  0000                     _RCREG	set	4014
    27  0000                     _RCSTAbits	set	4011
    28  0000                     _SPBRG	set	4015
    29  0000                     _SPBRGH	set	4016
    30  0000                     _TRISAbits	set	3986
    31  0000                     _TRISB	set	3987
    32  0000                     _TRISCbits	set	3988
    33  0000                     _TRISD	set	3989
    34  0000                     _TXREG	set	4013
    35  0000                     _TXSTAbits	set	4012
    36                           
    37                           ; #config settings
    38  0000                     
    39                           	psect	cinit
    40  007F68                     __pcinit:
    41                           	opt stack 0
    42  007F68                     start_initialization:
    43                           	opt stack 0
    44  007F68                     __initialization:
    45                           	opt stack 0
    46  007F68                     end_of_initialization:
    47                           	opt stack 0
    48  007F68                     __end_of__initialization:
    49                           	opt stack 0
    50  007F68  0100               	movlb	0
    51  007F6A  EFED  F03F         	goto	_main	;jump to C main() function
    52                           
    53                           	psect	cstackCOMRAM
    54  000001                     __pcstackCOMRAM:
    55                           	opt stack 0
    56  000001                     set_adc@x:
    57                           	opt stack 0
    58  000001                     write_uart@a:
    59                           	opt stack 0
    60  000001                     init_uart@baudios:
    61                           	opt stack 0
    62                           
    63                           ; 2 bytes @ 0x0
    64  000001                     	ds	2
    65  000003                     
    66                           ; 0 bytes @ 0x2
    67 ;;
    68 ;;Main: autosize = 0, tempsize = 0, incstack = 0, save=0
    69 ;;
    70 ;; *************** function _main *****************
    71 ;; Defined at:
    72 ;;		line 33 in file "main.c"
    73 ;; Parameters:    Size  Location     Type
    74 ;;		None
    75 ;; Auto vars:     Size  Location     Type
    76 ;;		None
    77 ;; Return value:  Size  Location     Type
    78 ;;		None               void
    79 ;; Registers used:
    80 ;;		wreg, status,2, cstack
    81 ;; Tracked objects:
    82 ;;		On entry : 0/0
    83 ;;		On exit  : 0/0
    84 ;;		Unchanged: 0/0
    85 ;; Data sizes:     COMRAM   BANK0   BANK1   BANK2   BANK3   BANK4   BANK5   BANK6   BANK7
    86 ;;      Params:         0       0       0       0       0       0       0       0       0
    87 ;;      Locals:         0       0       0       0       0       0       0       0       0
    88 ;;      Temps:          0       0       0       0       0       0       0       0       0
    89 ;;      Totals:         0       0       0       0       0       0       0       0       0
    90 ;;Total ram usage:        0 bytes
    91 ;; Hardware stack levels required when called:    1
    92 ;; This function calls:
    93 ;;		_conf_adc
    94 ;;		_init_uart
    95 ;;		_set_adc
    96 ;;		_set_clock
    97 ;;		_set_port
    98 ;;		_write_uart
    99 ;; This function is called by:
   100 ;;		Startup code after reset
   101 ;; This function uses a non-reentrant model
   102 ;;
   103                           
   104                           	psect	text0
   105  007FDA                     __ptext0:
   106                           	opt stack 0
   107  007FDA                     _main:
   108                           	opt stack 30
   109                           
   110                           ;main.c: 34: set_clock();
   111                           
   112                           ;incstack = 0
   113  007FDA  ECB7  F03F         	call	_set_clock	;wreg free
   114                           
   115                           ;main.c: 35: set_port();
   116  007FDE  ECC6  F03F         	call	_set_port	;wreg free
   117                           
   118                           ;main.c: 36: conf_adc();
   119  007FE2  ECDC  F03F         	call	_conf_adc	;wreg free
   120                           
   121                           ;main.c: 37: set_adc(1);
   122  007FE6  0E01               	movlw	1
   123  007FE8  ECBF  F03F         	call	_set_adc
   124                           
   125                           ;main.c: 38: init_uart(9600);
   126  007FEC  0E25               	movlw	37
   127  007FEE  6E02               	movwf	init_uart@baudios+1,c
   128  007FF0  0E80               	movlw	128
   129  007FF2  6E01               	movwf	init_uart@baudios,c
   130  007FF4  ECCD  F03F         	call	_init_uart	;wreg free
   131  007FF8                     l814:
   132                           
   133                           ;main.c: 40: write_uart('a');
   134  007FF8  0E61               	movlw	97
   135  007FFA  ECBB  F03F         	call	_write_uart
   136  007FFE  D7FC               	goto	l814
   137  008000                     __end_of_main:
   138                           	opt stack 0
   139                           
   140 ;; *************** function _write_uart *****************
   141 ;; Defined at:
   142 ;;		line 19 in file "UART.c"
   143 ;; Parameters:    Size  Location     Type
   144 ;;  a               1    wreg     unsigned char 
   145 ;; Auto vars:     Size  Location     Type
   146 ;;  a               1    0[COMRAM] unsigned char 
   147 ;; Return value:  Size  Location     Type
   148 ;;		None               void
   149 ;; Registers used:
   150 ;;		wreg
   151 ;; Tracked objects:
   152 ;;		On entry : 0/0
   153 ;;		On exit  : 0/0
   154 ;;		Unchanged: 0/0
   155 ;; Data sizes:     COMRAM   BANK0   BANK1   BANK2   BANK3   BANK4   BANK5   BANK6   BANK7
   156 ;;      Params:         0       0       0       0       0       0       0       0       0
   157 ;;      Locals:         1       0       0       0       0       0       0       0       0
   158 ;;      Temps:          0       0       0       0       0       0       0       0       0
   159 ;;      Totals:         1       0       0       0       0       0       0       0       0
   160 ;;Total ram usage:        1 bytes
   161 ;; Hardware stack levels used:    1
   162 ;; This function calls:
   163 ;;		Nothing
   164 ;; This function is called by:
   165 ;;		_main
   166 ;; This function uses a non-reentrant model
   167 ;;
   168                           
   169                           	psect	text1
   170  007F76                     __ptext1:
   171                           	opt stack 0
   172  007F76                     _write_uart:
   173                           	opt stack 30
   174                           
   175                           ;incstack = 0
   176                           ;write_uart@a stored from wreg
   177  007F76  6E01               	movwf	write_uart@a,c
   178                           
   179                           ;UART.c: 21: TXREG=a;
   180  007F78  C001  FFAD         	movff	write_uart@a,4013	;volatile
   181  007F7C  0012               	return		;funcret
   182  007F7E                     __end_of_write_uart:
   183                           	opt stack 0
   184                           
   185 ;; *************** function _set_port *****************
   186 ;; Defined at:
   187 ;;		line 15 in file "main.c"
   188 ;; Parameters:    Size  Location     Type
   189 ;;		None
   190 ;; Auto vars:     Size  Location     Type
   191 ;;		None
   192 ;; Return value:  Size  Location     Type
   193 ;;		None               void
   194 ;; Registers used:
   195 ;;		wreg, status,2
   196 ;; Tracked objects:
   197 ;;		On entry : 0/0
   198 ;;		On exit  : 0/0
   199 ;;		Unchanged: 0/0
   200 ;; Data sizes:     COMRAM   BANK0   BANK1   BANK2   BANK3   BANK4   BANK5   BANK6   BANK7
   201 ;;      Params:         0       0       0       0       0       0       0       0       0
   202 ;;      Locals:         0       0       0       0       0       0       0       0       0
   203 ;;      Temps:          0       0       0       0       0       0       0       0       0
   204 ;;      Totals:         0       0       0       0       0       0       0       0       0
   205 ;;Total ram usage:        0 bytes
   206 ;; Hardware stack levels used:    1
   207 ;; This function calls:
   208 ;;		Nothing
   209 ;; This function is called by:
   210 ;;		_main
   211 ;; This function uses a non-reentrant model
   212 ;;
   213                           
   214                           	psect	text2
   215  007F8C                     __ptext2:
   216                           	opt stack 0
   217  007F8C                     _set_port:
   218                           	opt stack 30
   219                           
   220                           ;main.c: 17: TRISD=0;
   221                           
   222                           ;incstack = 0
   223  007F8C  0E00               	movlw	0
   224  007F8E  6E95               	movwf	3989,c	;volatile
   225                           
   226                           ;main.c: 18: TRISB=0;
   227  007F90  0E00               	movlw	0
   228  007F92  6E93               	movwf	3987,c	;volatile
   229                           
   230                           ;main.c: 19: PORTC=255;
   231  007F94  6882               	setf	3970,c	;volatile
   232                           
   233                           ;main.c: 20: PORTD=255;
   234  007F96  6883               	setf	3971,c	;volatile
   235  007F98  0012               	return		;funcret
   236  007F9A                     __end_of_set_port:
   237                           	opt stack 0
   238                           
   239 ;; *************** function _set_clock *****************
   240 ;; Defined at:
   241 ;;		line 22 in file "main.c"
   242 ;; Parameters:    Size  Location     Type
   243 ;;		None
   244 ;; Auto vars:     Size  Location     Type
   245 ;;		None
   246 ;; Return value:  Size  Location     Type
   247 ;;		None               void
   248 ;; Registers used:
   249 ;;		None
   250 ;; Tracked objects:
   251 ;;		On entry : 0/0
   252 ;;		On exit  : 0/0
   253 ;;		Unchanged: 0/0
   254 ;; Data sizes:     COMRAM   BANK0   BANK1   BANK2   BANK3   BANK4   BANK5   BANK6   BANK7
   255 ;;      Params:         0       0       0       0       0       0       0       0       0
   256 ;;      Locals:         0       0       0       0       0       0       0       0       0
   257 ;;      Temps:          0       0       0       0       0       0       0       0       0
   258 ;;      Totals:         0       0       0       0       0       0       0       0       0
   259 ;;Total ram usage:        0 bytes
   260 ;; Hardware stack levels used:    1
   261 ;; This function calls:
   262 ;;		Nothing
   263 ;; This function is called by:
   264 ;;		_main
   265 ;; This function uses a non-reentrant model
   266 ;;
   267                           
   268                           	psect	text3
   269  007F6E                     __ptext3:
   270                           	opt stack 0
   271  007F6E                     _set_clock:
   272                           	opt stack 30
   273                           
   274                           ;main.c: 23: OSCCONbits.IRCF=7;
   275                           
   276                           ;incstack = 0
   277  007F6E  88D3               	bsf	4051,4,c	;volatile
   278  007F70  8AD3               	bsf	4051,5,c	;volatile
   279  007F72  8CD3               	bsf	4051,6,c	;volatile
   280  007F74  0012               	return		;funcret
   281  007F76                     __end_of_set_clock:
   282                           	opt stack 0
   283                           
   284 ;; *************** function _set_adc *****************
   285 ;; Defined at:
   286 ;;		line 21 in file "adc.c"
   287 ;; Parameters:    Size  Location     Type
   288 ;;  x               1    wreg     unsigned char 
   289 ;; Auto vars:     Size  Location     Type
   290 ;;  x               1    0[COMRAM] unsigned char 
   291 ;; Return value:  Size  Location     Type
   292 ;;		None               void
   293 ;; Registers used:
   294 ;;		wreg
   295 ;; Tracked objects:
   296 ;;		On entry : 0/0
   297 ;;		On exit  : 0/0
   298 ;;		Unchanged: 0/0
   299 ;; Data sizes:     COMRAM   BANK0   BANK1   BANK2   BANK3   BANK4   BANK5   BANK6   BANK7
   300 ;;      Params:         0       0       0       0       0       0       0       0       0
   301 ;;      Locals:         1       0       0       0       0       0       0       0       0
   302 ;;      Temps:          0       0       0       0       0       0       0       0       0
   303 ;;      Totals:         1       0       0       0       0       0       0       0       0
   304 ;;Total ram usage:        1 bytes
   305 ;; Hardware stack levels used:    1
   306 ;; This function calls:
   307 ;;		Nothing
   308 ;; This function is called by:
   309 ;;		_main
   310 ;; This function uses a non-reentrant model
   311 ;;
   312                           
   313                           	psect	text4
   314  007F7E                     __ptext4:
   315                           	opt stack 0
   316  007F7E                     _set_adc:
   317                           	opt stack 30
   318                           
   319                           ;incstack = 0
   320                           ;set_adc@x stored from wreg
   321  007F7E  6E01               	movwf	set_adc@x,c
   322                           
   323                           ;adc.c: 22: ADCON0bits.ADON=x;
   324  007F80  B001               	btfsc	set_adc@x,0,c
   325  007F82  D002               	bra	u15
   326  007F84  90C2               	bcf	4034,0,c	;volatile
   327  007F86  D001               	bra	u16
   328  007F88                     u15:
   329  007F88  80C2               	bsf	4034,0,c	;volatile
   330  007F8A                     u16:
   331  007F8A  0012               	return		;funcret
   332  007F8C                     __end_of_set_adc:
   333                           	opt stack 0
   334                           
   335 ;; *************** function _init_uart *****************
   336 ;; Defined at:
   337 ;;		line 4 in file "UART.c"
   338 ;; Parameters:    Size  Location     Type
   339 ;;  baudios         2    0[COMRAM] unsigned int 
   340 ;; Auto vars:     Size  Location     Type
   341 ;;		None
   342 ;; Return value:  Size  Location     Type
   343 ;;		None               void
   344 ;; Registers used:
   345 ;;		wreg, status,2
   346 ;; Tracked objects:
   347 ;;		On entry : 0/0
   348 ;;		On exit  : 0/0
   349 ;;		Unchanged: 0/0
   350 ;; Data sizes:     COMRAM   BANK0   BANK1   BANK2   BANK3   BANK4   BANK5   BANK6   BANK7
   351 ;;      Params:         2       0       0       0       0       0       0       0       0
   352 ;;      Locals:         0       0       0       0       0       0       0       0       0
   353 ;;      Temps:          0       0       0       0       0       0       0       0       0
   354 ;;      Totals:         2       0       0       0       0       0       0       0       0
   355 ;;Total ram usage:        2 bytes
   356 ;; Hardware stack levels used:    1
   357 ;; This function calls:
   358 ;;		Nothing
   359 ;; This function is called by:
   360 ;;		_main
   361 ;; This function uses a non-reentrant model
   362 ;;
   363                           
   364                           	psect	text5
   365  007F9A                     __ptext5:
   366                           	opt stack 0
   367  007F9A                     _init_uart:
   368                           	opt stack 30
   369                           
   370                           ;UART.c: 5: SPBRGH=0x00;
   371                           
   372                           ;incstack = 0
   373  007F9A  0E00               	movlw	0
   374  007F9C  6EB0               	movwf	4016,c	;volatile
   375                           
   376                           ;UART.c: 6: SPBRG=207;
   377  007F9E  0ECF               	movlw	207
   378  007FA0  6EAF               	movwf	4015,c	;volatile
   379                           
   380                           ;UART.c: 7: TXSTAbits.SYNC=0;
   381  007FA2  98AC               	bcf	4012,4,c	;volatile
   382                           
   383                           ;UART.c: 8: TXSTAbits.BRGH=1;
   384  007FA4  84AC               	bsf	4012,2,c	;volatile
   385                           
   386                           ;UART.c: 9: RCSTAbits.SPEN=1;
   387  007FA6  8EAB               	bsf	4011,7,c	;volatile
   388                           
   389                           ;UART.c: 10: TRISCbits.RC6=1;
   390  007FA8  8C94               	bsf	3988,6,c	;volatile
   391                           
   392                           ;UART.c: 11: TRISCbits.RC7=1;
   393  007FAA  8E94               	bsf	3988,7,c	;volatile
   394                           
   395                           ;UART.c: 12: TXSTAbits.TX9=0;
   396  007FAC  9CAC               	bcf	4012,6,c	;volatile
   397                           
   398                           ;UART.c: 13: BAUDCONbits.BRG16=1;
   399  007FAE  86B8               	bsf	4024,3,c	;volatile
   400                           
   401                           ;UART.c: 14: RCSTAbits.RX9=0;
   402  007FB0  9CAB               	bcf	4011,6,c	;volatile
   403                           
   404                           ;UART.c: 15: TXSTAbits.TXEN=1;
   405  007FB2  8AAC               	bsf	4012,5,c	;volatile
   406                           
   407                           ;UART.c: 16: RCSTAbits.CREN=1;
   408  007FB4  88AB               	bsf	4011,4,c	;volatile
   409  007FB6  0012               	return		;funcret
   410  007FB8                     __end_of_init_uart:
   411                           	opt stack 0
   412                           
   413 ;; *************** function _conf_adc *****************
   414 ;; Defined at:
   415 ;;		line 12 in file "adc.c"
   416 ;; Parameters:    Size  Location     Type
   417 ;;		None
   418 ;; Auto vars:     Size  Location     Type
   419 ;;		None
   420 ;; Return value:  Size  Location     Type
   421 ;;		None               void
   422 ;; Registers used:
   423 ;;		wreg, status,2
   424 ;; Tracked objects:
   425 ;;		On entry : 0/0
   426 ;;		On exit  : 0/0
   427 ;;		Unchanged: 0/0
   428 ;; Data sizes:     COMRAM   BANK0   BANK1   BANK2   BANK3   BANK4   BANK5   BANK6   BANK7
   429 ;;      Params:         0       0       0       0       0       0       0       0       0
   430 ;;      Locals:         0       0       0       0       0       0       0       0       0
   431 ;;      Temps:          0       0       0       0       0       0       0       0       0
   432 ;;      Totals:         0       0       0       0       0       0       0       0       0
   433 ;;Total ram usage:        0 bytes
   434 ;; Hardware stack levels used:    1
   435 ;; This function calls:
   436 ;;		Nothing
   437 ;; This function is called by:
   438 ;;		_main
   439 ;; This function uses a non-reentrant model
   440 ;;
   441                           
   442                           	psect	text6
   443  007FB8                     __ptext6:
   444                           	opt stack 0
   445  007FB8                     _conf_adc:
   446                           	opt stack 30
   447                           
   448                           ;adc.c: 13: TRISAbits.RA0=1;
   449                           
   450                           ;incstack = 0
   451  007FB8  8092               	bsf	3986,0,c	;volatile
   452                           
   453                           ;adc.c: 14: ADCON2bits.ADCS=1;
   454  007FBA  50C0               	movf	4032,w,c	;volatile
   455  007FBC  0BF8               	andlw	-8
   456  007FBE  0901               	iorlw	1
   457  007FC0  6EC0               	movwf	4032,c	;volatile
   458                           
   459                           ;adc.c: 15: ADCON2bits.ACQT=2;
   460  007FC2  50C0               	movf	4032,w,c	;volatile
   461  007FC4  0BC7               	andlw	-57
   462  007FC6  0910               	iorlw	16
   463  007FC8  6EC0               	movwf	4032,c	;volatile
   464                           
   465                           ;adc.c: 16: ADCON1=0;
   466  007FCA  0E00               	movlw	0
   467  007FCC  6EC1               	movwf	4033,c	;volatile
   468                           
   469                           ;adc.c: 17: ADCON0bits.CHS=0;
   470  007FCE  94C2               	bcf	4034,2,c	;volatile
   471  007FD0  96C2               	bcf	4034,3,c	;volatile
   472  007FD2  98C2               	bcf	4034,4,c	;volatile
   473  007FD4  9AC2               	bcf	4034,5,c	;volatile
   474                           
   475                           ;adc.c: 18: ADCON2bits.ADFM=1;;
   476  007FD6  8EC0               	bsf	4032,7,c	;volatile
   477  007FD8  0012               	return		;funcret
   478  007FDA                     __end_of_conf_adc:
   479                           	opt stack 0
   480  0000                     
   481                           	psect	rparam


Data Sizes:
    Strings     0
    Constant    0
    Data        0
    BSS         0
    Persistent  0
    Stack       0

Auto Spaces:
    Space          Size  Autos    Used
    COMRAM           95      2       2
    BANK0           160      0       0
    BANK1           256      0       0
    BANK2           256      0       0
    BANK3           256      0       0
    BANK4           256      0       0
    BANK5           256      0       0
    BANK6           256      0       0
    BANK7           256      0       0

Pointer List with Targets:

    None.

Critical Paths under _main in COMRAM

    _main->_init_uart

Critical Paths under _main in BANK0

    None.

Critical Paths under _main in BANK1

    None.

Critical Paths under _main in BANK2

    None.

Critical Paths under _main in BANK3

    None.

Critical Paths under _main in BANK4

    None.

Critical Paths under _main in BANK5

    None.

Critical Paths under _main in BANK6

    None.

Critical Paths under _main in BANK7

    None.

Call Graph Tables:

 ---------------------------------------------------------------------------------
 (Depth) Function   	        Calls       Base Space   Used Autos Params    Refs
 ---------------------------------------------------------------------------------
 (0) _main                                                 0     0      0      73
                           _conf_adc
                          _init_uart
                            _set_adc
                          _set_clock
                           _set_port
                         _write_uart
 ---------------------------------------------------------------------------------
 (1) _write_uart                                           1     1      0      15
                                              0 COMRAM     1     1      0
 ---------------------------------------------------------------------------------
 (1) _set_port                                             0     0      0       0
 ---------------------------------------------------------------------------------
 (1) _set_clock                                            0     0      0       0
 ---------------------------------------------------------------------------------
 (1) _set_adc                                              1     1      0      15
                                              0 COMRAM     1     1      0
 ---------------------------------------------------------------------------------
 (1) _init_uart                                            2     0      2      43
                                              0 COMRAM     2     0      2
 ---------------------------------------------------------------------------------
 (1) _conf_adc                                             0     0      0       0
 ---------------------------------------------------------------------------------
 Estimated maximum stack depth 1
 ---------------------------------------------------------------------------------

 Call Graph Graphs:

 _main (ROOT)
   _conf_adc
   _init_uart
   _set_adc
   _set_clock
   _set_port
   _write_uart

 Address spaces:
Name               Size   Autos  Total    Cost      Usage
BITCOMRAM           5F      0       0       0        0.0%
EEDATA             100      0       0       0        0.0%
NULL                 0      0       0       0        0.0%
CODE                 0      0       0       0        0.0%
COMRAM              5F      2       2       1        2.1%
STACK                0      0       0       2        0.0%
DATA                 0      0       0       3        0.0%
BITBANK0            A0      0       0       4        0.0%
BANK0               A0      0       0       5        0.0%
BITBANK1           100      0       0       6        0.0%
BANK1              100      0       0       7        0.0%
BITBANK2           100      0       0       8        0.0%
BANK2              100      0       0       9        0.0%
BITBANK3           100      0       0      10        0.0%
BANK3              100      0       0      11        0.0%
BITBANK4           100      0       0      12        0.0%
BANK4              100      0       0      13        0.0%
BITBANK5           100      0       0      14        0.0%
BANK5              100      0       0      15        0.0%
BITBANK6           100      0       0      16        0.0%
BANK6              100      0       0      17        0.0%
BITBANK7           100      0       0      18        0.0%
BANK7              100      0       0      19        0.0%
ABS                  0      0       0      20        0.0%
BIGRAM             7FF      0       0      21        0.0%
BITSFR               0      0       0      40        0.0%
SFR                  0      0       0      40        0.0%


Microchip Technology PIC18 Macro Assembler V1.35 build -356382666 
Symbol Table                                                                                   Wed May 31 03:48:16 2017

                     u15 7F88                       u16 7F8A              __CFG_BOR$ON 000000  
            __CFG_BORV$3 000000             __CFG_CP0$OFF 000000             __CFG_CP1$OFF 000000  
           __CFG_CP2$OFF 000000             __CFG_CP3$OFF 000000              __CFG_LVP$ON 000000  
                    l814 7FF8             __CFG_CPB$OFF 000000             __CFG_CPD$OFF 000000  
           __CFG_WDT$OFF 000000                     _main 7FDA                     start 0000  
          __CFG_IESO$OFF 000000            __CFG_MCLRE$ON 000000             ___param_bank 000010  
          __CFG_PLLDIV$1 000000           __CFG_CCP2MX$ON 000000                    ?_main 0001  
                  _RCREG 000FAE                    _SPBRG 000FAF                    _PORTC 000F82  
                  _PORTD 000F83            __CFG_USBDIV$1 000000                    _TRISB 000F93  
                  _TRISD 000F95                    _TXREG 000FAD            __CFG_PWRT$OFF 000000  
          __CFG_WRT0$OFF 000000            __CFG_WRT1$OFF 000000            __CFG_WRT2$OFF 000000  
          __CFG_WRT3$OFF 000000           __CFG_EBTR0$OFF 000000           __CFG_FCMEN$OFF 000000  
         __CFG_EBTR1$OFF 000000           __CFG_EBTR2$OFF 000000           __CFG_EBTR3$OFF 000000  
          __CFG_WRTB$OFF 000000            __CFG_WRTC$OFF 000000            __CFG_WRTD$OFF 000000  
         __CFG_EBTRB$OFF 000000          __end_of_set_adc 7F8C           __CFG_ICPRT$OFF 000000  
         __CFG_PBADEN$ON 000000          __initialization 7F68             __end_of_main 8000  
                 ??_main 0003            __activetblptr 000000                   _ADCON1 000FC1  
                 _ADRESH 000FC4                   _ADRESL 000FC3                   _SPBRGH 000FB0  
         __CFG_XINST$OFF 000000         __end_of_conf_adc 7FDA           __CFG_STVREN$ON 000000  
       __end_of_set_port 7F9A                ??_set_adc 0001               __accesstop 0060  
__end_of__initialization 7F68            ___rparam_used 000001           __pcstackCOMRAM 0001  
       init_uart@baudios 0001       __size_of_init_uart 001E       __size_of_set_clock 0008  
              ?_conf_adc 0001          __CFG_VREGEN$OFF 000000                  __Hparam 0000  
                __Lparam 0000                ?_set_port 0001                  __pcinit 7F68  
                __ramtop 0800                  __ptext0 7FDA                  __ptext1 7F76  
                __ptext2 7F8C                  __ptext3 7F6E                  __ptext4 7F7E  
                __ptext5 7F9A                  __ptext6 7FB8        __end_of_init_uart 7FB8  
                _set_adc 7F7E               ??_conf_adc 0001     end_of_initialization 7F68  
      __end_of_set_clock 7F76               ??_set_port 0001                _RCSTAbits 000FAB  
              _TRISAbits 000F92                _TRISCbits 000F94                _TXSTAbits 000FAC  
            _BAUDCONbits 000FB8               _write_uart 7F76      start_initialization 7F68  
       __CFG_LPT1OSC$OFF 000000        __size_of_conf_adc 0022        __size_of_set_port 000E  
            ?_write_uart 0001                 ?_set_adc 0001                _init_uart 7F9A  
              _set_clock 7F6E                 _PIR1bits 000F9E         __CFG_WDTPS$32768 000000  
             _ADCON0bits 000FC2               _ADCON2bits 000FC0              write_uart@a 0001  
             ?_init_uart 0001      __size_of_write_uart 0008                 __Hrparam 0000  
             ?_set_clock 0001                 __Lrparam 0000         __size_of_set_adc 000E  
               _conf_adc 7FB8            __size_of_main 0026                 _set_port 7F8C  
  __CFG_CPUDIV$OSC1_PLL2 000000              ??_init_uart 0003                 set_adc@x 0001  
             _OSCCONbits 000FD3              ??_set_clock 0001             ??_write_uart 0001  
    __CFG_FOSC$INTOSC_EC 000000       __end_of_write_uart 7F7E  
