MPASM 5.70  /MEDIA/GAME/C1570FAF-5FE1-4385-A   4-13-2017  20:44:20         PAGE  1


LOC  OBJECT CODE     LINE SOURCE TEXT
  VALUE

                      00001 ; TODO INSERT CONFIG CODE HERE USING CONFIG BITS GENERATOR
Warning[205]: Found directive in column 1. (list)
                      00002 list    p=16f887
Warning[205]: Found directive in column 1. (INCLUDE)
                      00003 INCLUDE "p16f887.inc"
                      00001         LIST
                      00002 
                      00003 ;==========================================================================
                      00004 ; Build date : Sep 13 2016
                      00005 ;  MPASM PIC16F887 processor include
                      00006 ; 
                      00007 ;  (c) Copyright 1999-2016 Microchip Technology, All rights reserved
                      00008 ;==========================================================================
                      00009 
                      00810         LIST
                      00004 
                      00005 ; CONFIG1
                      00006 ; __config 0xFBF2
2007   3BF2           00007  __CONFIG _CONFIG1, _FOSC_HS & _WDTE_OFF & _PWRTE_OFF & _MCLRE_ON & _CP_OFF & _CPD_OFF & _BOREN_ON & _IE
                            SO_OFF & _FCMEN_ON & _LVP_ON
                      00008 ; CONFIG2
                      00009 ; __config 0xFFFF
2008   3FFF           00010  __CONFIG _CONFIG2, _BOR4V_BOR40V & _WRT_OFF
                      00011 
                      00012 ;cristal 8MHz
                      00013 
Warning[205]: Found directive in column 1. (CBLOCK)
                      00014 CBLOCK 0X20
  00000020            00015  REG1
  00000021            00016  REG2
  00000022            00017  REG3
  00000023            00018  REG4
  00000024            00019  REG5
  00000025            00020  REG6
  00000026            00021  REG7
  00000027            00022  REG8
  00000028            00023  FLAG
  00000029            00024  LONG  ;32
Warning[205]: Found directive in column 1. (ENDC)
                      00025 ENDC
Warning[205]: Found directive in column 1. (CBLOCK)
                      00026 CBLOCK 0X35
  00000035            00027  UNIDADES
  00000036            00028  DECENAS
  00000037            00029  CENTENAS
  00000038            00030  MIL
Warning[205]: Found directive in column 1. (ENDC)
                      00031 ENDC
                      00032 
                      00033 ;CBLOCK 0XA0
                      00034 ; REG5
                      00035 ; REG6
                      00036 ;ENDC
MPASM 5.70  /MEDIA/GAME/C1570FAF-5FE1-4385-A   4-13-2017  20:44:20         PAGE  2


LOC  OBJECT CODE     LINE SOURCE TEXT
  VALUE

                      00037 
                      00038 
                      00039 
                      00040 
                      00041 RES_VECT  CODE    0x0000            ; processor reset vector
0000   2???           00042     GOTO    START                   ; go to beginning of program
                      00043 
                      00044 ; TODO ADD INTERRUPTS HERE IF USED
                      00045 
                      00046 MAIN_PROG CODE                      ; let linker place main program
                      00047 
Warning[205]: Found directive in column 1. (ORG)
                      00048 ORG 0X05
                      00049 
0005                  00050 START
0005   1683           00051     BSF     STATUS,5
Message[302]: Register in operand not in bank 0.  Ensure that bank bits are correct.
0006   0188           00052     CLRF    TRISD
Message[302]: Register in operand not in bank 0.  Ensure that bank bits are correct.
0007   0187           00053     CLRF    TRISC
0008   1283           00054     BCF     STATUS,5            ;BANCO 0
0009   01A8           00055     CLRF    FLAG
000A   01A3           00056     CLRF    REG4
000B   0187           00057     CLRF    PORTC
000C   0188           00058     CLRF    PORTD  
000D   3020           00059     MOVLW   .32
000E   00A9           00060     MOVWF   LONG 
                      00061     
000F   01A4           00062     CLRF   REG5
0010                  00063 DD:    
0010   3010           00064     MOVLW   .16
0011   008A           00065     MOVWF   PCLATH
0012   0824           00066     MOVF    REG5,W
0013   2???           00067     CALL    NUMEROS
0014   0087           00068     MOVWF   PORTC
0015   3000           00069     MOVLW   .0
0016   008A           00070     MOVWF   PCLATH
0017   2???           00071     CALL    INI74HC
0018   2???           00072     CALL    RETARDO
0019                  00073 FF:
Message[305]: Using default destination of 1 (file).
0019   0AA4           00074     INCF    REG5
001A   1DA4           00075     BTFSS   REG5,3
001B   2???           00076     GOTO    $+6
001C   01A4           00077     CLRF    REG5
                      00078     ;MOVF    LONG,W
001D   1CA9           00079     BTFSS   LONG,1
001E   2???           00080     GOTO    $-5
001F   2???           00081     GOTO    DD
0020   30FF           00082     MOVLW   .255
0021   0087           00083     MOVWF   PORTC
0022   2???           00084     CALL    L74HC
                      00085     ;MOVF    REG5,W
MPASM 5.70  /MEDIA/GAME/C1570FAF-5FE1-4385-A   4-13-2017  20:44:20         PAGE  3


LOC  OBJECT CODE     LINE SOURCE TEXT
  VALUE

0023   3010           00086     MOVLW   .16
0024   008A           00087     MOVWF   PCLATH
0025   0824           00088     MOVF    REG5,W
0026   2???           00089     CALL    NUMEROS
0027   0087           00090     MOVWF   PORTC
0028   3000           00091     MOVLW   .0
0029   008A           00092     MOVWF   PCLATH
002A   2???           00093     CALL    RETARDO
002B   2???           00094     CALL    BCDD
002C   2???           00095     GOTO    FF
                      00096     
                      00097     
002D   2???           00098     GOTO $                          ; loop forever
                      00099 
002E                  00100 L74HC
Message[305]: Using default destination of 1 (file).
002E   03A9           00101     DECF    LONG    
002F   1D03           00102     BTFSS   STATUS,Z
0030   2???           00103     GOTO    $+3
0031   2???           00104     CALL    INI74HC
0032   0008           00105     RETURN
0033   1408           00106     BSF     PORTD,0 ;CLOCK
                      00107     ;CALL    RETARDO
0034   1008           00108     BCF     PORTD,0 ;CLOCK
0035   0008           00109     RETURN
                      00110     
0036                  00111 INI74HC
0036   3020           00112     MOVLW   .32
0037   00A9           00113     MOVWF   LONG 
0038   1008           00114     BCF     PORTD,0 ;CLOCK
0039   1488           00115     BSF     PORTD,1 ;DATA
003A   1408           00116     BSF     PORTD,0 ;CLOCK
003B   1008           00117     BCF     PORTD,0 ;CLOCK
003C   1088           00118     BCF     PORTD,1 ;DATA
003D   0008           00119     RETURN
                      00120             
                      00121     
003E                  00122 MULTI
003E   0822           00123             MOVF   REG3,W
003F   03A3           00124             DECF   REG4,F
0040                  00125 ESTADO      
0040   07A2           00126             ADDWF   REG3,F
0041   03A3           00127             DECF    REG4,F
0042   1D03           00128             BTFSS   STATUS,Z
0043   2???           00129             GOTO    $-3
0044   0008           00130             RETURN
                      00131             
                      00132 
                      00133 ;+++++++++++++++++++++++++++++++++++++++++++++++++++++
0045                  00134 ESTEROSCO
                      00135             ;AND ROT (REG5) AND 0XFF
0045   30FF           00136             MOVLW   0XFF
0046   00A4           00137             MOVWF   REG5
MPASM 5.70  /MEDIA/GAME/C1570FAF-5FE1-4385-A   4-13-2017  20:44:20         PAGE  4


LOC  OBJECT CODE     LINE SOURCE TEXT
  VALUE

0047   1024           00138             BCF     REG5,0
                      00139             ;REG8=DECENAS*8
0048   0836           00140             MOVF    DECENAS,W
0049   00A2           00141             MOVWF   REG3
004A   3008           00142             MOVLW   .8
004B   00A3           00143             MOVWF   REG4
004C   2???           00144             CALL    MULTI
004D   0822           00145             MOVF    REG3,W
004E   00A6           00146             MOVWF   REG7
                      00147             ;REG7=UNIDADES*8
004F   0835           00148             MOVF    UNIDADES,W
0050   00A2           00149             MOVWF   REG3
0051   3008           00150             MOVLW   .8
0052   00A3           00151             MOVWF   REG4
0053   2???           00152             CALL    MULTI
0054   0822           00153             MOVF    REG3,W
0055   00A7           00154             MOVWF   REG8
                      00155             
0056                  00156 EST
0056   0824           00157             MOVF    REG5,W
0057   0086           00158             MOVWF   PORTB
0058                  00159 TSR
0058   0826           00160             MOVF    REG7,W
0059   2???           00161             CALL    NUMEROS
005A   0088           00162             MOVWF   PORTD
005B   0827           00163             MOVF    REG8,W
005C   2???           00164             CALL    NUMEROS
005D   0087           00165             MOVWF   PORTC
005E   2???           00166             CALL    RETARDO
Message[305]: Using default destination of 1 (file).
005F   0AA6           00167             INCF    REG7
Message[305]: Using default destination of 1 (file).
0060   0AA7           00168             INCF    REG8
0061   1403           00169             BSF     STATUS,C
0062   0DA4           00170             RLF     REG5,F
0063   1803           00171             BTFSC   STATUS,C
0064   2???           00172             GOTO    EST
                      00173             ;CLRF    REG4
                      00174             ;CLRF    REG6
0065   0008           00175             RETURN
                      00176 ;-----------------------------------------------------
                      00177 
                      00178 ;......................................................+
0066                  00179 BCDD
0066   3035           00180     MOVLW   0X35
0067   0084           00181     MOVWF   FSR
0068                  00182 BCCC
0068   1028           00183     BCF     FLAG,0
0069   0800           00184     MOVF    INDF,W
006A   2???           00185     CALL    CONTADOR
006B   0080           00186     MOVWF   INDF
006C   1C28           00187     BTFSS   FLAG,0
006D   0008           00188     RETURN
MPASM 5.70  /MEDIA/GAME/C1570FAF-5FE1-4385-A   4-13-2017  20:44:20         PAGE  5


LOC  OBJECT CODE     LINE SOURCE TEXT
  VALUE

006E   0180           00189     CLRF    INDF
Message[305]: Using default destination of 1 (file).
006F   0A84           00190     INCF    FSR
0070   2???           00191     GOTO    BCCC
                      00192 ;.....................................................
                      00193 
                      00194 
                      00195 ;*++++++CONTADOR DE 0 A 9 +++++++++++++++++++++
0071   00A2           00196 CONTADOR    MOVWF    REG3
Message[305]: Using default destination of 1 (file).
0072   0AA2           00197             INCF     REG3
0073   0822           00198             MOVF     REG3,W
0074   3A0A           00199             XORLW   .10
0075   1D03           00200             BTFSS   STATUS,Z
0076   2???           00201             GOTO    MENOR
0077   3000           00202             MOVLW   .0
0078   1428           00203             BSF     FLAG,0
0079   0008           00204             RETURN
007A   0822           00205 MENOR       MOVF    REG3,W
007B   0008           00206             RETURN
                      00207 ;++++++++++++++++++++++++++++++++++++++++++++++++++++++
                      00208 
                      00209 ;----------RUTINA DE RETARDO---------------
007C   3002           00210 RETARDO         MOVLW   .2
007D   00A2           00211                 MOVWF   REG3
007E   3002           00212 DOS             MOVLW   .2
007F   00A1           00213                 MOVWF   REG2
0080   3019           00214 UNO             MOVLW   .25
0081   00A0           00215                 MOVWF   REG1
0082   0BA0           00216                 DECFSZ  REG1,1
0083   2???           00217                 GOTO    $-1
0084   0BA1           00218                 DECFSZ  REG2,1
0085   2???           00219                 GOTO    UNO
0086   0BA2           00220                 DECFSZ  REG3,1
0087   2???           00221                 GOTO    DOS
0088   0008           00222                 RETURN
                      00223 ;------------------------------------------
Warning[205]: Found directive in column 1. (ORG)
                      00224 ORG 0X1000
1000                  00225 NUMEROS:                
1000   0782           00226     ADDWF       PCL,1
1001   3400 3400 343C 00227         DT      .0,.0,.60,.60,.60,.0,.0,.255                ;NUMERO 0
       343C 343C 3400 
       3400 34FF 
1009   34FF 34FE 34FE 00228         DT      .255,.254,.254,.0,.190,.254,.255,.255       ;NUMERO 1
       3400 34BE 34FE 
       34FF 34FF 
1011   34FF 348E 3476 00229         DT      .255,.142,.118,.122,.156,.254,.255,.255     ;NUMERO 2
       347A 349C 34FE 
       34FF 34FF 
1019   34FF 3478 3416 00230         DT      .255,.120,.22,.110,.126,.125,.255,.255      ;NUEMR0 3
       346E 347E 347D 
       34FF 34FF 
MPASM 5.70  /MEDIA/GAME/C1570FAF-5FE1-4385-A   4-13-2017  20:44:20         PAGE  6


LOC  OBJECT CODE     LINE SOURCE TEXT
  VALUE

1021   34FF 34F7 3400 00231         DT      .255,.247,.0,.183,.215,.231,.247,.255       ;NUMERO 4
       34B7 34D7 34E7 
       34F7 34FF 
1029   34FF 3471 346E 00232         DT      .255,.113,.110,.110,.110,.13,.255,.255      ;NUMERO 5
       346E 346E 340D 
       34FF 34FF 
1031   34FF 34F1 346E 00233         DT      .255,.241,.110,.110,.174,.193,.255,.255     ;NUMERO 6
       346E 34AE 34C1 
       34FF 34FF 
1039   34FF 341F 346F 00234         DT      .255,.31,.111,.112,.127,.63,.255,.255       ;NUMERO 7
       3470 347F 343F 
       34FF 34FF 
1041   34FF 3491 346E 00235         DT      .255,.145,.110,.110,.110,.145,.255,.255     ;NUMERO 8
       346E 346E 3491 
       34FF 34FF 
1049   34FF 3483 346D 00236         DT      .255,.131,.109,.110,.111,.159,.255,.255     ;NUMERO 9
       346E 346F 349F 
       34FF 34FF 
                      00237 
                      00238 
                      00239 
                      00240 
Warning[205]: Found directive in column 1. (END)
3BF2 3FFF             00241 END
MPASM 5.70  /MEDIA/GAME/C1570FAF-5FE1-4385-A   4-13-2017  20:44:20         PAGE  7


SYMBOL TABLE
  LABEL                             VALUE 

ABDEN                             00000000
ABDOVF                            00000007
ACKDT                             00000005
ACKEN                             00000004
ACKSTAT                           00000006
ADCON0                            0000001F
ADCON1                            0000009F
ADCS0                             00000006
ADCS1                             00000007
ADDEN                             00000003
ADFM                              00000007
ADIE                              00000006
ADIF                              00000006
ADON                              00000000
ADRESH                            0000001E
ADRESL                            0000009E
ANS0                              00000000
ANS1                              00000001
ANS10                             00000002
ANS11                             00000003
ANS12                             00000004
ANS13                             00000005
ANS2                              00000002
ANS3                              00000003
ANS4                              00000004
ANS5                              00000005
ANS6                              00000006
ANS7                              00000007
ANS8                              00000000
ANS9                              00000001
ANSEL                             00000188
ANSELH                            00000189
BAUDCTL                           00000187
BCCC                              00000068
BCDD                              00000066
BCLIE                             00000003
BCLIF                             00000003
BF                                00000000
BRG0                              00000000
BRG1                              00000001
BRG10                             00000002
BRG11                             00000003
BRG12                             00000004
BRG13                             00000005
BRG14                             00000006
BRG15                             00000007
BRG16                             00000003
BRG2                              00000002
BRG3                              00000003
BRG4                              00000004
BRG5                              00000005
BRG6                              00000006
BRG7                              00000007
MPASM 5.70  /MEDIA/GAME/C1570FAF-5FE1-4385-A   4-13-2017  20:44:20         PAGE  8


SYMBOL TABLE
  LABEL                             VALUE 

BRG8                              00000000
BRG9                              00000001
BRGH                              00000002
C                                 00000000
C1CH0                             00000000
C1CH1                             00000001
C1IE                              00000005
C1IF                              00000005
C1OE                              00000005
C1ON                              00000007
C1OUT                             00000006
C1POL                             00000004
C1R                               00000002
C1RSEL                            00000005
C1SEN                             00000005
C2CH0                             00000000
C2CH1                             00000001
C2IE                              00000006
C2IF                              00000006
C2OE                              00000005
C2ON                              00000007
C2OUT                             00000006
C2POL                             00000004
C2R                               00000002
C2REN                             00000004
C2RSEL                            00000004
C2SYNC                            00000000
CCP1CON                           00000017
CCP1IE                            00000002
CCP1IF                            00000002
CCP1M0                            00000000
CCP1M1                            00000001
CCP1M2                            00000002
CCP1M3                            00000003
CCP1X                             00000005
CCP1Y                             00000004
CCP2CON                           0000001D
CCP2IE                            00000000
CCP2IF                            00000000
CCP2M0                            00000000
CCP2M1                            00000001
CCP2M2                            00000002
CCP2M3                            00000003
CCP2X                             00000005
CCP2Y                             00000004
CCPR1                             00000015
CCPR1H                            00000016
CCPR1L                            00000015
CCPR2                             0000001B
CCPR2H                            0000001C
CCPR2L                            0000001B
CENTENAS                          00000037
CHS0                              00000002
MPASM 5.70  /MEDIA/GAME/C1570FAF-5FE1-4385-A   4-13-2017  20:44:20         PAGE  9


SYMBOL TABLE
  LABEL                             VALUE 

CHS1                              00000003
CHS2                              00000004
CHS3                              00000005
CKE                               00000006
CKP                               00000004
CM1CON0                           00000107
CM2CON0                           00000108
CM2CON1                           00000109
CONTADOR                          00000071
CREN                              00000004
CSRC                              00000007
D                                 00000005
DATA_ADDRESS                      00000005
DC                                00000001
DC1B0                             00000004
DC1B1                             00000005
DC2B0                             00000004
DC2B1                             00000005
DD                                00000010
DECENAS                           00000036
DOS                               0000007E
D_A                               00000005
D_NOT_A                           00000005
ECCPAS                            0000009C
ECCPAS0                           00000004
ECCPAS1                           00000005
ECCPAS2                           00000006
ECCPASE                           00000007
EEADR                             0000010D
EEADRH                            0000010F
EECON1                            0000018C
EECON2                            0000018D
EEDAT                             0000010C
EEDATA                            0000010C
EEDATH                            0000010E
EEIE                              00000004
EEIF                              00000004
EEPGD                             00000007
EST                               00000056
ESTADO                            00000040
ESTEROSCO                         00000045
F                                 00000001
FERR                              00000002
FF                                00000019
FLAG                              00000028
FSR                               00000004
FVREN                             00000000
GCEN                              00000007
GIE                               00000007
GO                                00000001
GO_DONE                           00000001
GO_NOT_DONE                       00000001
HTS                               00000002
MPASM 5.70  /MEDIA/GAME/C1570FAF-5FE1-4385-A   4-13-2017  20:44:20         PAGE 10


SYMBOL TABLE
  LABEL                             VALUE 

I2C_DATA                          00000005
I2C_READ                          00000002
I2C_START                         00000003
I2C_STOP                          00000004
INDF                              00000000
INI74HC                           00000036
INTCON                            0000000B
INTE                              00000004
INTEDG                            00000006
INTF                              00000001
IOCB                              00000096
IOCB0                             00000000
IOCB1                             00000001
IOCB2                             00000002
IOCB3                             00000003
IOCB4                             00000004
IOCB5                             00000005
IOCB6                             00000006
IOCB7                             00000007
IRCF0                             00000004
IRCF1                             00000005
IRCF2                             00000006
IRP                               00000007
L74HC                             0000002E
LONG                              00000029
LTS                               00000001
MC1OUT                            00000007
MC2OUT                            00000006
MENOR                             0000007A
MIL                               00000038
MSK                               00000093
MSK0                              00000000
MSK1                              00000001
MSK2                              00000002
MSK3                              00000003
MSK4                              00000004
MSK5                              00000005
MSK6                              00000006
MSK7                              00000007
MULTI                             0000003E
NOT_A                             00000005
NOT_ADDRESS                       00000005
NOT_BO                            00000000
NOT_BOR                           00000000
NOT_DONE                          00000001
NOT_PD                            00000003
NOT_POR                           00000001
NOT_RBPU                          00000007
NOT_RC8                           00000006
NOT_T1SYNC                        00000002
NOT_TO                            00000004
NOT_TX8                           00000006
NOT_W                             00000002
MPASM 5.70  /MEDIA/GAME/C1570FAF-5FE1-4385-A   4-13-2017  20:44:20         PAGE 11


SYMBOL TABLE
  LABEL                             VALUE 

NOT_WRITE                         00000002
NUMEROS                           00001000
OERR                              00000001
OPTION_REG                        00000081
OSCCON                            0000008F
OSCTUNE                           00000090
OSFIE                             00000007
OSFIF                             00000007
OSTS                              00000003
P                                 00000004
P1M0                              00000006
P1M1                              00000007
PCL                               00000002
PCLATH                            0000000A
PCON                              0000008E
PDC0                              00000000
PDC1                              00000001
PDC2                              00000002
PDC3                              00000003
PDC4                              00000004
PDC5                              00000005
PDC6                              00000006
PEIE                              00000006
PEN                               00000002
PIE1                              0000008C
PIE2                              0000008D
PIR1                              0000000C
PIR2                              0000000D
PORTA                             00000005
PORTB                             00000006
PORTC                             00000007
PORTD                             00000008
PORTE                             00000009
PR2                               00000092
PRSEN                             00000007
PS0                               00000000
PS1                               00000001
PS2                               00000002
PSA                               00000003
PSSAC0                            00000002
PSSAC1                            00000003
PSSBD0                            00000000
PSSBD1                            00000001
PSTRCON                           0000009D
PULSR                             00000002
PULSS                             00000003
PWM1CON                           0000009B
R                                 00000002
RA0                               00000000
RA1                               00000001
RA2                               00000002
RA3                               00000003
RA4                               00000004
MPASM 5.70  /MEDIA/GAME/C1570FAF-5FE1-4385-A   4-13-2017  20:44:20         PAGE 12


SYMBOL TABLE
  LABEL                             VALUE 

RA5                               00000005
RA6                               00000006
RA7                               00000007
RB0                               00000000
RB1                               00000001
RB2                               00000002
RB3                               00000003
RB4                               00000004
RB5                               00000005
RB6                               00000006
RB7                               00000007
RBIE                              00000003
RBIF                              00000000
RC0                               00000000
RC1                               00000001
RC2                               00000002
RC3                               00000003
RC4                               00000004
RC5                               00000005
RC6                               00000006
RC7                               00000007
RC8_9                             00000006
RC9                               00000006
RCD8                              00000000
RCEN                              00000003
RCIDL                             00000006
RCIE                              00000005
RCIF                              00000005
RCREG                             0000001A
RCSTA                             00000018
RD                                00000000
RD0                               00000000
RD1                               00000001
RD2                               00000002
RD3                               00000003
RD4                               00000004
RD5                               00000005
RD6                               00000006
RD7                               00000007
RE0                               00000000
RE1                               00000001
RE2                               00000002
RE3                               00000003
READ_WRITE                        00000002
REG1                              00000020
REG2                              00000021
REG3                              00000022
REG4                              00000023
REG5                              00000024
REG6                              00000025
REG7                              00000026
REG8                              00000027
RETARDO                           0000007C
MPASM 5.70  /MEDIA/GAME/C1570FAF-5FE1-4385-A   4-13-2017  20:44:20         PAGE 13


SYMBOL TABLE
  LABEL                             VALUE 

RP0                               00000005
RP1                               00000006
RSEN                              00000001
RX9                               00000006
RX9D                              00000000
R_NOT_W                           00000002
R_W                               00000002
S                                 00000003
SBOREN                            00000004
SCKP                              00000004
SCS                               00000000
SEN                               00000000
SENDB                             00000003
SMP                               00000007
SPBRG                             00000099
SPBRGH                            0000009A
SPEN                              00000007
SR0                               00000006
SR1                               00000007
SRCON                             00000185
SREN                              00000005
SSPADD                            00000093
SSPBUF                            00000013
SSPCON                            00000014
SSPCON2                           00000091
SSPEN                             00000005
SSPIE                             00000003
SSPIF                             00000003
SSPM0                             00000000
SSPM1                             00000001
SSPM2                             00000002
SSPM3                             00000003
SSPMSK                            00000093
SSPOV                             00000006
SSPSTAT                           00000094
START                             00000005
STATUS                            00000003
STRA                              00000000
STRB                              00000001
STRC                              00000002
STRD                              00000003
STRSYNC                           00000004
SWDTEN                            00000000
SYNC                              00000004
T0CS                              00000005
T0IE                              00000005
T0IF                              00000002
T0SE                              00000004
T1CKPS0                           00000004
T1CKPS1                           00000005
T1CON                             00000010
T1GINV                            00000007
T1GIV                             00000007
MPASM 5.70  /MEDIA/GAME/C1570FAF-5FE1-4385-A   4-13-2017  20:44:20         PAGE 14


SYMBOL TABLE
  LABEL                             VALUE 

T1GSS                             00000001
T1INSYNC                          00000002
T1OSCEN                           00000003
T1SYNC                            00000002
T2CKPS0                           00000000
T2CKPS1                           00000001
T2CON                             00000012
TMR0                              00000001
TMR0IE                            00000005
TMR0IF                            00000002
TMR1                              0000000E
TMR1CS                            00000001
TMR1GE                            00000006
TMR1H                             0000000F
TMR1IE                            00000000
TMR1IF                            00000000
TMR1L                             0000000E
TMR1ON                            00000000
TMR2                              00000011
TMR2IE                            00000001
TMR2IF                            00000001
TMR2ON                            00000002
TOUTPS0                           00000003
TOUTPS1                           00000004
TOUTPS2                           00000005
TOUTPS3                           00000006
TRISA                             00000085
TRISA0                            00000000
TRISA1                            00000001
TRISA2                            00000002
TRISA3                            00000003
TRISA4                            00000004
TRISA5                            00000005
TRISA6                            00000006
TRISA7                            00000007
TRISB                             00000086
TRISB0                            00000000
TRISB1                            00000001
TRISB2                            00000002
TRISB3                            00000003
TRISB4                            00000004
TRISB5                            00000005
TRISB6                            00000006
TRISB7                            00000007
TRISC                             00000087
TRISC0                            00000000
TRISC1                            00000001
TRISC2                            00000002
TRISC3                            00000003
TRISC4                            00000004
TRISC5                            00000005
TRISC6                            00000006
TRISC7                            00000007
MPASM 5.70  /MEDIA/GAME/C1570FAF-5FE1-4385-A   4-13-2017  20:44:20         PAGE 15


SYMBOL TABLE
  LABEL                             VALUE 

TRISD                             00000088
TRISD0                            00000000
TRISD1                            00000001
TRISD2                            00000002
TRISD3                            00000003
TRISD4                            00000004
TRISD5                            00000005
TRISD6                            00000006
TRISD7                            00000007
TRISE                             00000089
TRISE0                            00000000
TRISE1                            00000001
TRISE2                            00000002
TRISE3                            00000003
TRMT                              00000001
TSR                               00000058
TUN0                              00000000
TUN1                              00000001
TUN2                              00000002
TUN3                              00000003
TUN4                              00000004
TX8_9                             00000006
TX9                               00000006
TX9D                              00000000
TXD8                              00000000
TXEN                              00000005
TXIE                              00000004
TXIF                              00000004
TXREG                             00000019
TXSTA                             00000098
UA                                00000001
ULPWUE                            00000005
ULPWUIE                           00000002
ULPWUIF                           00000002
UNIDADES                          00000035
UNO                               00000080
VCFG0                             00000004
VCFG1                             00000005
VR0                               00000000
VR1                               00000001
VR2                               00000002
VR3                               00000003
VRCON                             00000097
VREN                              00000007
VROE                              00000006
VRR                               00000005
VRSS                              00000004
W                                 00000000
WCOL                              00000007
WDTCON                            00000105
WDTPS0                            00000001
WDTPS1                            00000002
WDTPS2                            00000003
MPASM 5.70  /MEDIA/GAME/C1570FAF-5FE1-4385-A   4-13-2017  20:44:20         PAGE 16


SYMBOL TABLE
  LABEL                             VALUE 

WDTPS3                            00000004
WPUB                              00000095
WPUB0                             00000000
WPUB1                             00000001
WPUB2                             00000002
WPUB3                             00000003
WPUB4                             00000004
WPUB5                             00000005
WPUB6                             00000006
WPUB7                             00000007
WR                                00000001
WREN                              00000002
WRERR                             00000003
WUE                               00000001
Z                                 00000002
_.org_0_001B                      0000001B
_.org_0_001E                      0000001E
_.org_0_002D                      0000002D
_.org_0_0030                      00000030
_.org_0_0043                      00000043
_.org_0_0083                      00000083
_BOR21V                           00003EFF
_BOR40V                           00003FFF
_BOR4V_BOR21V                     00003EFF
_BOR4V_BOR40V                     00003FFF
_BOREN_NSLEEP                     00003EFF
_BOREN_OFF                        00003CFF
_BOREN_ON                         00003FFF
_BOREN_SBODEN                     00003DFF
_BOR_NSLEEP                       00003EFF
_BOR_OFF                          00003CFF
_BOR_ON                           00003FFF
_BOR_SBODEN                       00003DFF
_CONFIG1                          00002007
_CONFIG2                          00002008
_CPD_OFF                          00003FFF
_CPD_ON                           00003F7F
_CP_OFF                           00003FFF
_CP_ON                            00003FBF
_DEBUG_OFF                        00003FFF
_DEBUG_ON                         00001FFF
_DEVID1                           00002006
_EC_OSC                           00003FFB
_EXTRC                            00003FFF
_EXTRCIO                          00003FFE
_EXTRC_OSC_CLKOUT                 00003FFF
_EXTRC_OSC_NOCLKOUT               00003FFE
_FCMEN_OFF                        000037FF
_FCMEN_ON                         00003FFF
_FOSC_EC                          00003FFB
_FOSC_EXTRC_CLKOUT                00003FFF
_FOSC_EXTRC_NOCLKOUT              00003FFE
_FOSC_HS                          00003FFA
MPASM 5.70  /MEDIA/GAME/C1570FAF-5FE1-4385-A   4-13-2017  20:44:20         PAGE 17


SYMBOL TABLE
  LABEL                             VALUE 

_FOSC_INTRC_CLKOUT                00003FFD
_FOSC_INTRC_NOCLKOUT              00003FFC
_FOSC_LP                          00003FF8
_FOSC_XT                          00003FF9
_HS_OSC                           00003FFA
_IDLOC0                           00002000
_IDLOC1                           00002001
_IDLOC2                           00002002
_IDLOC3                           00002003
_IESO_OFF                         00003BFF
_IESO_ON                          00003FFF
_INTOSC                           00003FFD
_INTOSCIO                         00003FFC
_INTRC_OSC_CLKOUT                 00003FFD
_INTRC_OSC_NOCLKOUT               00003FFC
_LP_OSC                           00003FF8
_LVP_OFF                          00002FFF
_LVP_ON                           00003FFF
_MCLRE_OFF                        00003FDF
_MCLRE_ON                         00003FFF
_PWRTE_OFF                        00003FFF
_PWRTE_ON                         00003FEF
_WDTE_OFF                         00003FF7
_WDTE_ON                          00003FFF
_WDT_OFF                          00003FF7
_WDT_ON                           00003FFF
_WRT_1FOURTH                      00003BFF
_WRT_256                          00003DFF
_WRT_HALF                         000039FF
_WRT_OFF                          00003FFF
_XT_OSC                           00003FF9
__16F887                          00000001

Errors   :     0
Warnings :     9 reported,     0 suppressed
Messages :     8 reported,     0 suppressed

