MPASM 5.70  /MEDIA/GAME/C1570FAF-5FE1-4385-A   3-15-2017  9:51:32         PAGE  1


LOC  OBJECT CODE     LINE SOURCE TEXT
  VALUE

                      00001 ; TODO INSERT CONFIG CODE HERE USING CONFIG BITS GENERATOR
Warning[205]: Found directive in column 1. (list)
                      00002 list    p=16f887
Warning[205]: Found directive in column 1. (INCLUDE)
                      00003 INCLUDE "p16f887.inc"
                      00001         LIST
                      00002 
                      00003 ;==========================================================================
                      00004 ; Build date : Sep 13 2016
                      00005 ;  MPASM PIC16F887 processor include
                      00006 ; 
                      00007 ;  (c) Copyright 1999-2016 Microchip Technology, All rights reserved
                      00008 ;==========================================================================
                      00009 
                      00810         LIST
                      00004 
                      00005 ; CONFIG1
                      00006 ; __config 0xFBF2
2007   3BF2           00007  __CONFIG _CONFIG1, _FOSC_HS & _WDTE_OFF & _PWRTE_OFF & _MCLRE_ON & _CP_OFF & _CPD_OFF & _BOREN_ON & _IE
                            SO_OFF & _FCMEN_ON & _LVP_ON
                      00008 ; CONFIG2
                      00009 ; __config 0xFFFF
2008   3FFF           00010  __CONFIG _CONFIG2, _BOR4V_BOR40V & _WRT_OFF
                      00011 
                      00012 ;cristal 8MHz
                      00013 
Warning[205]: Found directive in column 1. (CBLOCK)
                      00014 CBLOCK 0X20
  00000020            00015  REG1
  00000021            00016  REG2
  00000022            00017  REG3
  00000023            00018  REG4
  00000024            00019  REG5
  00000025            00020  REG6
  00000026            00021  REG7
  00000027            00022  REG8
  00000028            00023  FLAG
  00000029            00024  LONG  ;32
Warning[205]: Found directive in column 1. (ENDC)
                      00025 ENDC
Warning[205]: Found directive in column 1. (CBLOCK)
                      00026 CBLOCK 0X35
  00000035            00027  UNIDADES
  00000036            00028  DECENAS
  00000037            00029  CENTENAS
  00000038            00030  MIL
Warning[205]: Found directive in column 1. (ENDC)
                      00031 ENDC
                      00032 
                      00033 ;CBLOCK 0XA0
                      00034 ; REG5
                      00035 ; REG6
                      00036 ;ENDC
MPASM 5.70  /MEDIA/GAME/C1570FAF-5FE1-4385-A   3-15-2017  9:51:32         PAGE  2


LOC  OBJECT CODE     LINE SOURCE TEXT
  VALUE

                      00037 
                      00038 
                      00039 
                      00040 
                      00041 RES_VECT  CODE    0x0000            ; processor reset vector
0000   2???           00042     GOTO    START                   ; go to beginning of program
                      00043 
                      00044 ; TODO ADD INTERRUPTS HERE IF USED
                      00045 
                      00046 MAIN_PROG CODE                      ; let linker place main program
                      00047 
Warning[205]: Found directive in column 1. (ORG)
                      00048 ORG 0X05
                      00049 
0005                  00050 START
0005   1683           00051     BSF     STATUS,5            ;BANCO 1
Message[302]: Register in operand not in bank 0.  Ensure that bank bits are correct.
0006   0186           00052     CLRF    TRISB
Message[302]: Register in operand not in bank 0.  Ensure that bank bits are correct.
0007   0188           00053     CLRF    TRISD
Message[302]: Register in operand not in bank 0.  Ensure that bank bits are correct.
0008   0187           00054     CLRF    TRISC
0009   1283           00055     BCF     STATUS,5            ;BANCO 0
000A   01B5           00056     CLRF    UNIDADES
000B   01B6           00057     CLRF    DECENAS
000C   01B7           00058     CLRF    CENTENAS
000D   01B8           00059     CLRF    MIL
000E   01A8           00060     CLRF    FLAG
000F   01A3           00061     CLRF    REG4
0010   0186           00062     CLRF    PORTB
0011   0187           00063     CLRF    PORTC
0012   0188           00064     CLRF    PORTD
0013   30FF           00065     MOVLW   0XFF
0014   00A4           00066     MOVWF   REG5
0015   3010           00067     MOVLW   .16
0016   00A9           00068     MOVWF   LONG
                      00069     
                      00070     
                      00071     
0017   2???           00072     CALL    INI74HC
0018                  00073 BUCLE:
0018   2???           00074     CALL    L74HC
                      00075     ;CALL    RETARDO
                      00076     ;CALL    ESTEROSCO
                      00077    ; INCF    MIL
                      00078    ; BTFSS   STATUS,Z
                      00079     ;BTFSS   MIL,7
                      00080     ;GOTO    BUCLE
                      00081     ;CALL    BCDD
0019   2???           00082     GOTO    BUCLE
                      00083 
                      00084 
                      00085 
MPASM 5.70  /MEDIA/GAME/C1570FAF-5FE1-4385-A   3-15-2017  9:51:32         PAGE  3


LOC  OBJECT CODE     LINE SOURCE TEXT
  VALUE

                      00086 
001A   2???           00087     GOTO $                          ; loop forever
                      00088 
001B                  00089 L74HC
Message[305]: Using default destination of 1 (file).
001B   03A9           00090     DECF    LONG    
001C   1D03           00091     BTFSS   STATUS,Z
001D   2???           00092     GOTO    $+3
001E   2???           00093     CALL    INI74HC
001F   0008           00094     RETURN
0020   1407           00095     BSF     PORTC,0 ;CLOCK
                      00096     ;RETARDO
0021   1007           00097     BCF     PORTC,0 ;CLOCK
0022   0008           00098     RETURN
                      00099     
0023                  00100 INI74HC
0023   1007           00101     BCF     PORTC,0 ;CLOCK
0024   1487           00102     BSF     PORTC,1 ;DATA
0025   1407           00103     BSF     PORTC,0 ;CLOCK
0026   1007           00104     BCF     PORTC,0 ;CLOCK
0027   1087           00105     BCF     PORTC,1 ;DATA
0028   0008           00106     RETURN
                      00107             
                      00108     
0029                  00109 MULTI
0029   0822           00110             MOVF   REG3,W
002A   03A3           00111             DECF   REG4,F
002B                  00112 ESTADO      
002B   07A2           00113             ADDWF   REG3,F
002C   03A3           00114             DECF    REG4,F
002D   1D03           00115             BTFSS   STATUS,Z
002E   2???           00116             GOTO    $-3
002F   0008           00117             RETURN
                      00118             
                      00119 
                      00120 ;+++++++++++++++++++++++++++++++++++++++++++++++++++++
0030                  00121 ESTEROSCO
                      00122             ;AND ROT (REG5) AND 0XFF
0030   30FF           00123             MOVLW   0XFF
0031   00A4           00124             MOVWF   REG5
0032   1024           00125             BCF     REG5,0
                      00126             ;REG8=DECENAS*8
0033   0836           00127             MOVF    DECENAS,W
0034   00A2           00128             MOVWF   REG3
0035   3008           00129             MOVLW   .8
0036   00A3           00130             MOVWF   REG4
0037   2???           00131             CALL    MULTI
0038   0822           00132             MOVF    REG3,W
0039   00A6           00133             MOVWF   REG7
                      00134             ;REG7=UNIDADES*8
003A   0835           00135             MOVF    UNIDADES,W
003B   00A2           00136             MOVWF   REG3
003C   3008           00137             MOVLW   .8
MPASM 5.70  /MEDIA/GAME/C1570FAF-5FE1-4385-A   3-15-2017  9:51:32         PAGE  4


LOC  OBJECT CODE     LINE SOURCE TEXT
  VALUE

003D   00A3           00138             MOVWF   REG4
003E   2???           00139             CALL    MULTI
003F   0822           00140             MOVF    REG3,W
0040   00A7           00141             MOVWF   REG8
                      00142             
0041                  00143 EST
0041   0824           00144             MOVF    REG5,W
0042   0086           00145             MOVWF   PORTB
0043                  00146 TSR
0043   0826           00147             MOVF    REG7,W
0044   2???           00148             CALL    NUMEROS
0045   0088           00149             MOVWF   PORTD
0046   0827           00150             MOVF    REG8,W
0047   2???           00151             CALL    NUMEROS
0048   0087           00152             MOVWF   PORTC
0049   2???           00153             CALL    RETARDO
Message[305]: Using default destination of 1 (file).
004A   0AA6           00154             INCF    REG7
Message[305]: Using default destination of 1 (file).
004B   0AA7           00155             INCF    REG8
004C   1403           00156             BSF     STATUS,C
004D   0DA4           00157             RLF     REG5,F
004E   1803           00158             BTFSC   STATUS,C
004F   2???           00159             GOTO    EST
                      00160             ;CLRF    REG4
                      00161             ;CLRF    REG6
0050   0008           00162             RETURN
                      00163 ;-----------------------------------------------------
                      00164 
                      00165 ;......................................................+
0051                  00166 BCDD
0051   3035           00167     MOVLW   0X35
0052   0084           00168     MOVWF   FSR
0053                  00169 BCCC
0053   1028           00170     BCF     FLAG,0
0054   0800           00171     MOVF    INDF,W
0055   2???           00172     CALL    CONTADOR
0056   0080           00173     MOVWF   INDF
0057   1C28           00174     BTFSS   FLAG,0
0058   0008           00175     RETURN
0059   0180           00176     CLRF    INDF
Message[305]: Using default destination of 1 (file).
005A   0A84           00177     INCF    FSR
005B   2???           00178     GOTO    BCCC
                      00179 ;.....................................................
                      00180 
                      00181 
                      00182 ;*++++++CONTADOR DE 0 A 9 +++++++++++++++++++++
005C   00A2           00183 CONTADOR    MOVWF    REG3
Message[305]: Using default destination of 1 (file).
005D   0AA2           00184             INCF     REG3
005E   0822           00185             MOVF     REG3,W
005F   3A0A           00186             XORLW   .10
MPASM 5.70  /MEDIA/GAME/C1570FAF-5FE1-4385-A   3-15-2017  9:51:32         PAGE  5


LOC  OBJECT CODE     LINE SOURCE TEXT
  VALUE

0060   1D03           00187             BTFSS   STATUS,Z
0061   2???           00188             GOTO    MENOR
0062   3000           00189             MOVLW   .0
0063   1428           00190             BSF     FLAG,0
0064   0008           00191             RETURN
0065   0822           00192 MENOR       MOVF    REG3,W
0066   0008           00193             RETURN
                      00194 ;++++++++++++++++++++++++++++++++++++++++++++++++++++++
                      00195 
                      00196 ;----------RUTINA DE RETARDO---------------
0067   30FF           00197 RETARDO         MOVLW   .255
0068   00A2           00198                 MOVWF   REG3
0069   30FF           00199 DOS             MOVLW   .255
006A   00A1           00200                 MOVWF   REG2
006B   30FF           00201 UNO             MOVLW   .255
006C   00A0           00202                 MOVWF   REG1
006D   0BA0           00203                 DECFSZ  REG1,1
006E   2???           00204                 GOTO    $-1
006F   0BA1           00205                 DECFSZ  REG2,1
0070   2???           00206                 GOTO    UNO
0071   0BA2           00207                 DECFSZ  REG3,1
0072   2???           00208                 GOTO    DOS
0073   0008           00209                 RETURN
                      00210 ;------------------------------------------
0074                  00211 NUMEROS:                
0074   0782           00212     ADDWF       PCL,1
0075   343F 343F 3433 00213         DT      .63,.63,.51,.51,.51,.51,.63,.63 ;NUMERO 0
       3433 3433 3433 
       343F 343F 
007D   3404 340C 3404 00214         DT      .4,.12,.4,.4,.4,.4,.63,.63      ;NUMERO 1
       3404 3404 3404 
       343F 343F 
0085   3406 3409 3409 00215         DT      .6,.9,.9,.2,.4,.8,.63,.63       ;NUMERO 2
       3402 3404 3408 
       343F 343F 
008D   343F 3401 3402 00216         DT      .63,.1,.2,.4,.2,.1,.1,.63       ;NUEMR0 3
       3404 3402 3401 
       3401 343F 
0095   3402 3406 340A 00217         DT      .2,.6,.10,.31,.2,.2,.2,.63      ;NUMERO 4
       341F 3402 3402 
       3402 343F 
                      00218 
                      00219 
                      00220 
                      00221 
                      00222 
                      00223 
                      00224 
Warning[205]: Found directive in column 1. (END)
3BF2 3FFF             00225 END
MPASM 5.70  /MEDIA/GAME/C1570FAF-5FE1-4385-A   3-15-2017  9:51:32         PAGE  6


SYMBOL TABLE
  LABEL                             VALUE 

ABDEN                             00000000
ABDOVF                            00000007
ACKDT                             00000005
ACKEN                             00000004
ACKSTAT                           00000006
ADCON0                            0000001F
ADCON1                            0000009F
ADCS0                             00000006
ADCS1                             00000007
ADDEN                             00000003
ADFM                              00000007
ADIE                              00000006
ADIF                              00000006
ADON                              00000000
ADRESH                            0000001E
ADRESL                            0000009E
ANS0                              00000000
ANS1                              00000001
ANS10                             00000002
ANS11                             00000003
ANS12                             00000004
ANS13                             00000005
ANS2                              00000002
ANS3                              00000003
ANS4                              00000004
ANS5                              00000005
ANS6                              00000006
ANS7                              00000007
ANS8                              00000000
ANS9                              00000001
ANSEL                             00000188
ANSELH                            00000189
BAUDCTL                           00000187
BCCC                              00000053
BCDD                              00000051
BCLIE                             00000003
BCLIF                             00000003
BF                                00000000
BRG0                              00000000
BRG1                              00000001
BRG10                             00000002
BRG11                             00000003
BRG12                             00000004
BRG13                             00000005
BRG14                             00000006
BRG15                             00000007
BRG16                             00000003
BRG2                              00000002
BRG3                              00000003
BRG4                              00000004
BRG5                              00000005
BRG6                              00000006
BRG7                              00000007
MPASM 5.70  /MEDIA/GAME/C1570FAF-5FE1-4385-A   3-15-2017  9:51:32         PAGE  7


SYMBOL TABLE
  LABEL                             VALUE 

BRG8                              00000000
BRG9                              00000001
BRGH                              00000002
BUCLE                             00000018
C                                 00000000
C1CH0                             00000000
C1CH1                             00000001
C1IE                              00000005
C1IF                              00000005
C1OE                              00000005
C1ON                              00000007
C1OUT                             00000006
C1POL                             00000004
C1R                               00000002
C1RSEL                            00000005
C1SEN                             00000005
C2CH0                             00000000
C2CH1                             00000001
C2IE                              00000006
C2IF                              00000006
C2OE                              00000005
C2ON                              00000007
C2OUT                             00000006
C2POL                             00000004
C2R                               00000002
C2REN                             00000004
C2RSEL                            00000004
C2SYNC                            00000000
CCP1CON                           00000017
CCP1IE                            00000002
CCP1IF                            00000002
CCP1M0                            00000000
CCP1M1                            00000001
CCP1M2                            00000002
CCP1M3                            00000003
CCP1X                             00000005
CCP1Y                             00000004
CCP2CON                           0000001D
CCP2IE                            00000000
CCP2IF                            00000000
CCP2M0                            00000000
CCP2M1                            00000001
CCP2M2                            00000002
CCP2M3                            00000003
CCP2X                             00000005
CCP2Y                             00000004
CCPR1                             00000015
CCPR1H                            00000016
CCPR1L                            00000015
CCPR2                             0000001B
CCPR2H                            0000001C
CCPR2L                            0000001B
CENTENAS                          00000037
MPASM 5.70  /MEDIA/GAME/C1570FAF-5FE1-4385-A   3-15-2017  9:51:32         PAGE  8


SYMBOL TABLE
  LABEL                             VALUE 

CHS0                              00000002
CHS1                              00000003
CHS2                              00000004
CHS3                              00000005
CKE                               00000006
CKP                               00000004
CM1CON0                           00000107
CM2CON0                           00000108
CM2CON1                           00000109
CONTADOR                          0000005C
CREN                              00000004
CSRC                              00000007
D                                 00000005
DATA_ADDRESS                      00000005
DC                                00000001
DC1B0                             00000004
DC1B1                             00000005
DC2B0                             00000004
DC2B1                             00000005
DECENAS                           00000036
DOS                               00000069
D_A                               00000005
D_NOT_A                           00000005
ECCPAS                            0000009C
ECCPAS0                           00000004
ECCPAS1                           00000005
ECCPAS2                           00000006
ECCPASE                           00000007
EEADR                             0000010D
EEADRH                            0000010F
EECON1                            0000018C
EECON2                            0000018D
EEDAT                             0000010C
EEDATA                            0000010C
EEDATH                            0000010E
EEIE                              00000004
EEIF                              00000004
EEPGD                             00000007
EST                               00000041
ESTADO                            0000002B
ESTEROSCO                         00000030
F                                 00000001
FERR                              00000002
FLAG                              00000028
FSR                               00000004
FVREN                             00000000
GCEN                              00000007
GIE                               00000007
GO                                00000001
GO_DONE                           00000001
GO_NOT_DONE                       00000001
HTS                               00000002
I2C_DATA                          00000005
MPASM 5.70  /MEDIA/GAME/C1570FAF-5FE1-4385-A   3-15-2017  9:51:32         PAGE  9


SYMBOL TABLE
  LABEL                             VALUE 

I2C_READ                          00000002
I2C_START                         00000003
I2C_STOP                          00000004
INDF                              00000000
INI74HC                           00000023
INTCON                            0000000B
INTE                              00000004
INTEDG                            00000006
INTF                              00000001
IOCB                              00000096
IOCB0                             00000000
IOCB1                             00000001
IOCB2                             00000002
IOCB3                             00000003
IOCB4                             00000004
IOCB5                             00000005
IOCB6                             00000006
IOCB7                             00000007
IRCF0                             00000004
IRCF1                             00000005
IRCF2                             00000006
IRP                               00000007
L74HC                             0000001B
LONG                              00000029
LTS                               00000001
MC1OUT                            00000007
MC2OUT                            00000006
MENOR                             00000065
MIL                               00000038
MSK                               00000093
MSK0                              00000000
MSK1                              00000001
MSK2                              00000002
MSK3                              00000003
MSK4                              00000004
MSK5                              00000005
MSK6                              00000006
MSK7                              00000007
MULTI                             00000029
NOT_A                             00000005
NOT_ADDRESS                       00000005
NOT_BO                            00000000
NOT_BOR                           00000000
NOT_DONE                          00000001
NOT_PD                            00000003
NOT_POR                           00000001
NOT_RBPU                          00000007
NOT_RC8                           00000006
NOT_T1SYNC                        00000002
NOT_TO                            00000004
NOT_TX8                           00000006
NOT_W                             00000002
NOT_WRITE                         00000002
MPASM 5.70  /MEDIA/GAME/C1570FAF-5FE1-4385-A   3-15-2017  9:51:32         PAGE 10


SYMBOL TABLE
  LABEL                             VALUE 

NUMEROS                           00000074
OERR                              00000001
OPTION_REG                        00000081
OSCCON                            0000008F
OSCTUNE                           00000090
OSFIE                             00000007
OSFIF                             00000007
OSTS                              00000003
P                                 00000004
P1M0                              00000006
P1M1                              00000007
PCL                               00000002
PCLATH                            0000000A
PCON                              0000008E
PDC0                              00000000
PDC1                              00000001
PDC2                              00000002
PDC3                              00000003
PDC4                              00000004
PDC5                              00000005
PDC6                              00000006
PEIE                              00000006
PEN                               00000002
PIE1                              0000008C
PIE2                              0000008D
PIR1                              0000000C
PIR2                              0000000D
PORTA                             00000005
PORTB                             00000006
PORTC                             00000007
PORTD                             00000008
PORTE                             00000009
PR2                               00000092
PRSEN                             00000007
PS0                               00000000
PS1                               00000001
PS2                               00000002
PSA                               00000003
PSSAC0                            00000002
PSSAC1                            00000003
PSSBD0                            00000000
PSSBD1                            00000001
PSTRCON                           0000009D
PULSR                             00000002
PULSS                             00000003
PWM1CON                           0000009B
R                                 00000002
RA0                               00000000
RA1                               00000001
RA2                               00000002
RA3                               00000003
RA4                               00000004
RA5                               00000005
MPASM 5.70  /MEDIA/GAME/C1570FAF-5FE1-4385-A   3-15-2017  9:51:32         PAGE 11


SYMBOL TABLE
  LABEL                             VALUE 

RA6                               00000006
RA7                               00000007
RB0                               00000000
RB1                               00000001
RB2                               00000002
RB3                               00000003
RB4                               00000004
RB5                               00000005
RB6                               00000006
RB7                               00000007
RBIE                              00000003
RBIF                              00000000
RC0                               00000000
RC1                               00000001
RC2                               00000002
RC3                               00000003
RC4                               00000004
RC5                               00000005
RC6                               00000006
RC7                               00000007
RC8_9                             00000006
RC9                               00000006
RCD8                              00000000
RCEN                              00000003
RCIDL                             00000006
RCIE                              00000005
RCIF                              00000005
RCREG                             0000001A
RCSTA                             00000018
RD                                00000000
RD0                               00000000
RD1                               00000001
RD2                               00000002
RD3                               00000003
RD4                               00000004
RD5                               00000005
RD6                               00000006
RD7                               00000007
RE0                               00000000
RE1                               00000001
RE2                               00000002
RE3                               00000003
READ_WRITE                        00000002
REG1                              00000020
REG2                              00000021
REG3                              00000022
REG4                              00000023
REG5                              00000024
REG6                              00000025
REG7                              00000026
REG8                              00000027
RETARDO                           00000067
RP0                               00000005
MPASM 5.70  /MEDIA/GAME/C1570FAF-5FE1-4385-A   3-15-2017  9:51:32         PAGE 12


SYMBOL TABLE
  LABEL                             VALUE 

RP1                               00000006
RSEN                              00000001
RX9                               00000006
RX9D                              00000000
R_NOT_W                           00000002
R_W                               00000002
S                                 00000003
SBOREN                            00000004
SCKP                              00000004
SCS                               00000000
SEN                               00000000
SENDB                             00000003
SMP                               00000007
SPBRG                             00000099
SPBRGH                            0000009A
SPEN                              00000007
SR0                               00000006
SR1                               00000007
SRCON                             00000185
SREN                              00000005
SSPADD                            00000093
SSPBUF                            00000013
SSPCON                            00000014
SSPCON2                           00000091
SSPEN                             00000005
SSPIE                             00000003
SSPIF                             00000003
SSPM0                             00000000
SSPM1                             00000001
SSPM2                             00000002
SSPM3                             00000003
SSPMSK                            00000093
SSPOV                             00000006
SSPSTAT                           00000094
START                             00000005
STATUS                            00000003
STRA                              00000000
STRB                              00000001
STRC                              00000002
STRD                              00000003
STRSYNC                           00000004
SWDTEN                            00000000
SYNC                              00000004
T0CS                              00000005
T0IE                              00000005
T0IF                              00000002
T0SE                              00000004
T1CKPS0                           00000004
T1CKPS1                           00000005
T1CON                             00000010
T1GINV                            00000007
T1GIV                             00000007
T1GSS                             00000001
MPASM 5.70  /MEDIA/GAME/C1570FAF-5FE1-4385-A   3-15-2017  9:51:32         PAGE 13


SYMBOL TABLE
  LABEL                             VALUE 

T1INSYNC                          00000002
T1OSCEN                           00000003
T1SYNC                            00000002
T2CKPS0                           00000000
T2CKPS1                           00000001
T2CON                             00000012
TMR0                              00000001
TMR0IE                            00000005
TMR0IF                            00000002
TMR1                              0000000E
TMR1CS                            00000001
TMR1GE                            00000006
TMR1H                             0000000F
TMR1IE                            00000000
TMR1IF                            00000000
TMR1L                             0000000E
TMR1ON                            00000000
TMR2                              00000011
TMR2IE                            00000001
TMR2IF                            00000001
TMR2ON                            00000002
TOUTPS0                           00000003
TOUTPS1                           00000004
TOUTPS2                           00000005
TOUTPS3                           00000006
TRISA                             00000085
TRISA0                            00000000
TRISA1                            00000001
TRISA2                            00000002
TRISA3                            00000003
TRISA4                            00000004
TRISA5                            00000005
TRISA6                            00000006
TRISA7                            00000007
TRISB                             00000086
TRISB0                            00000000
TRISB1                            00000001
TRISB2                            00000002
TRISB3                            00000003
TRISB4                            00000004
TRISB5                            00000005
TRISB6                            00000006
TRISB7                            00000007
TRISC                             00000087
TRISC0                            00000000
TRISC1                            00000001
TRISC2                            00000002
TRISC3                            00000003
TRISC4                            00000004
TRISC5                            00000005
TRISC6                            00000006
TRISC7                            00000007
TRISD                             00000088
MPASM 5.70  /MEDIA/GAME/C1570FAF-5FE1-4385-A   3-15-2017  9:51:32         PAGE 14


SYMBOL TABLE
  LABEL                             VALUE 

TRISD0                            00000000
TRISD1                            00000001
TRISD2                            00000002
TRISD3                            00000003
TRISD4                            00000004
TRISD5                            00000005
TRISD6                            00000006
TRISD7                            00000007
TRISE                             00000089
TRISE0                            00000000
TRISE1                            00000001
TRISE2                            00000002
TRISE3                            00000003
TRMT                              00000001
TSR                               00000043
TUN0                              00000000
TUN1                              00000001
TUN2                              00000002
TUN3                              00000003
TUN4                              00000004
TX8_9                             00000006
TX9                               00000006
TX9D                              00000000
TXD8                              00000000
TXEN                              00000005
TXIE                              00000004
TXIF                              00000004
TXREG                             00000019
TXSTA                             00000098
UA                                00000001
ULPWUE                            00000005
ULPWUIE                           00000002
ULPWUIF                           00000002
UNIDADES                          00000035
UNO                               0000006B
VCFG0                             00000004
VCFG1                             00000005
VR0                               00000000
VR1                               00000001
VR2                               00000002
VR3                               00000003
VRCON                             00000097
VREN                              00000007
VROE                              00000006
VRR                               00000005
VRSS                              00000004
W                                 00000000
WCOL                              00000007
WDTCON                            00000105
WDTPS0                            00000001
WDTPS1                            00000002
WDTPS2                            00000003
WDTPS3                            00000004
MPASM 5.70  /MEDIA/GAME/C1570FAF-5FE1-4385-A   3-15-2017  9:51:32         PAGE 15


SYMBOL TABLE
  LABEL                             VALUE 

WPUB                              00000095
WPUB0                             00000000
WPUB1                             00000001
WPUB2                             00000002
WPUB3                             00000003
WPUB4                             00000004
WPUB5                             00000005
WPUB6                             00000006
WPUB7                             00000007
WR                                00000001
WREN                              00000002
WRERR                             00000003
WUE                               00000001
Z                                 00000002
_.org_0_001A                      0000001A
_.org_0_001D                      0000001D
_.org_0_002E                      0000002E
_.org_0_006E                      0000006E
_BOR21V                           00003EFF
_BOR40V                           00003FFF
_BOR4V_BOR21V                     00003EFF
_BOR4V_BOR40V                     00003FFF
_BOREN_NSLEEP                     00003EFF
_BOREN_OFF                        00003CFF
_BOREN_ON                         00003FFF
_BOREN_SBODEN                     00003DFF
_BOR_NSLEEP                       00003EFF
_BOR_OFF                          00003CFF
_BOR_ON                           00003FFF
_BOR_SBODEN                       00003DFF
_CONFIG1                          00002007
_CONFIG2                          00002008
_CPD_OFF                          00003FFF
_CPD_ON                           00003F7F
_CP_OFF                           00003FFF
_CP_ON                            00003FBF
_DEBUG_OFF                        00003FFF
_DEBUG_ON                         00001FFF
_DEVID1                           00002006
_EC_OSC                           00003FFB
_EXTRC                            00003FFF
_EXTRCIO                          00003FFE
_EXTRC_OSC_CLKOUT                 00003FFF
_EXTRC_OSC_NOCLKOUT               00003FFE
_FCMEN_OFF                        000037FF
_FCMEN_ON                         00003FFF
_FOSC_EC                          00003FFB
_FOSC_EXTRC_CLKOUT                00003FFF
_FOSC_EXTRC_NOCLKOUT              00003FFE
_FOSC_HS                          00003FFA
_FOSC_INTRC_CLKOUT                00003FFD
_FOSC_INTRC_NOCLKOUT              00003FFC
_FOSC_LP                          00003FF8
MPASM 5.70  /MEDIA/GAME/C1570FAF-5FE1-4385-A   3-15-2017  9:51:32         PAGE 16


SYMBOL TABLE
  LABEL                             VALUE 

_FOSC_XT                          00003FF9
_HS_OSC                           00003FFA
_IDLOC0                           00002000
_IDLOC1                           00002001
_IDLOC2                           00002002
_IDLOC3                           00002003
_IESO_OFF                         00003BFF
_IESO_ON                          00003FFF
_INTOSC                           00003FFD
_INTOSCIO                         00003FFC
_INTRC_OSC_CLKOUT                 00003FFD
_INTRC_OSC_NOCLKOUT               00003FFC
_LP_OSC                           00003FF8
_LVP_OFF                          00002FFF
_LVP_ON                           00003FFF
_MCLRE_OFF                        00003FDF
_MCLRE_ON                         00003FFF
_PWRTE_OFF                        00003FFF
_PWRTE_ON                         00003FEF
_WDTE_OFF                         00003FF7
_WDTE_ON                          00003FFF
_WDT_OFF                          00003FF7
_WDT_ON                           00003FFF
_WRT_1FOURTH                      00003BFF
_WRT_256                          00003DFF
_WRT_HALF                         000039FF
_WRT_OFF                          00003FFF
_XT_OSC                           00003FF9
__16F887                          00000001

Errors   :     0
Warnings :     8 reported,     0 suppressed
Messages :     8 reported,     0 suppressed

