MPASM 5.70  /MEDIA/GAME/C1570FAF-5FE1-4385-A   3-8-2017  0:04:47         PAGE  1


LOC  OBJECT CODE     LINE SOURCE TEXT
  VALUE

                      00001 ; TODO INSERT CONFIG CODE HERE USING CONFIG BITS GENERATOR
Warning[205]: Found directive in column 1. (list)
                      00002 list    p=16f887
Warning[205]: Found directive in column 1. (INCLUDE)
                      00003 INCLUDE "p16f887.inc"
                      00001         LIST
                      00002 
                      00003 ;==========================================================================
                      00004 ; Build date : Sep 13 2016
                      00005 ;  MPASM PIC16F887 processor include
                      00006 ; 
                      00007 ;  (c) Copyright 1999-2016 Microchip Technology, All rights reserved
                      00008 ;==========================================================================
                      00009 
                      00810         LIST
                      00004     
                      00005 ; CONFIG1
                      00006 ; __config 0xFBF2
2007   3BF2           00007  __CONFIG _CONFIG1, _FOSC_HS & _WDTE_OFF & _PWRTE_OFF & _MCLRE_ON & _CP_OFF & _CPD_OFF & _BOREN_ON & _IE
                            SO_OFF & _FCMEN_ON & _LVP_ON
                      00008 ; CONFIG2
                      00009 ; __config 0xFFFF
2008   3FFF           00010  __CONFIG _CONFIG2, _BOR4V_BOR40V & _WRT_OFF
                      00011     
                      00012 ;cristal 8MHz
                      00013  
Warning[205]: Found directive in column 1. (CBLOCK)
                      00014 CBLOCK 0X20
  00000020            00015  REG1
  00000021            00016  REG2
  00000022            00017  REG3
  00000023            00018  REG4
  00000024            00019  FLAG
  00000025            00020  UNIDADES
  00000026            00021  DECENAS
Warning[205]: Found directive in column 1. (ENDC)
                      00022 ENDC
                      00023  
Warning[205]: Found directive in column 1. (CBLOCK)
                      00024 CBLOCK  0XA0
  000000A0            00025  REG5
  000000A1            00026  REG6
Warning[205]: Found directive in column 1. (ENDC)
                      00027 ENDC
                      00028  
                      00029  
                      00030     
                      00031     
                      00032 RES_VECT  CODE    0x0000            ; processor reset vector
0000   2???           00033     GOTO    START                   ; go to beginning of program
                      00034 
                      00035 ; TODO ADD INTERRUPTS HERE IF USED
                      00036 
MPASM 5.70  /MEDIA/GAME/C1570FAF-5FE1-4385-A   3-8-2017  0:04:47         PAGE  2


LOC  OBJECT CODE     LINE SOURCE TEXT
  VALUE

                      00037 MAIN_PROG CODE                      ; let linker place main program
                      00038  
Warning[205]: Found directive in column 1. (ORG)
                      00039 ORG 0X05
0005   0782           00040 TABLA   ADDWF   PCL,1                           ;7448
0006   343F           00041         retlw   b'00111111'     ;0
0007   3406           00042         retlw   b'00000110'     ;1
0008   345B           00043         retlw   b'01011011'     ;2
0009   344F           00044         retlw   b'01001111'     ;3
000A   3466           00045         retlw   b'01100110'     ;4
000B   346D           00046         retlw   b'01101101'     ;5
000C   347D           00047         retlw   b'01111101'     ;6
000D   3407           00048         retlw   b'00000111'     ;7
000E   347F           00049         retlw   b'01111111'     ;8
000F   346F           00050         retlw   b'01101111'     ;9
0010   3477           00051         retlw   b'01110111'     ;a
0011   347C           00052         retlw   b'01111100'     ;b
0012   3439           00053         retlw   b'00111001'     ;c
0013   345E           00054         retlw   b'01011110'     ;d
0014   3479           00055         retlw   b'01111001'     ;e
0015   3471           00056         retlw   b'01110001'     ;f
0016   3400           00057         retlw   0
                      00058         
0017   0782           00059 TABLA1  ADDWF   PCL,1
0018   343F 3406 345B 00060         DT      0X3F,0X06,0X5B,0X4F,0X66,0X6D,0X7D,0X07,0X7F,0X67
       344F 3466 346D 
       347D 3407 347F 
       3467 
                      00061 
0022                  00062 START
0022   1683           00063     BSF     STATUS,5            ;BANCO 1
Message[302]: Register in operand not in bank 0.  Ensure that bank bits are correct.
0023   0186           00064     CLRF    TRISB
Message[302]: Register in operand not in bank 0.  Ensure that bank bits are correct.
0024   0188           00065     CLRF    TRISD
Message[302]: Register in operand not in bank 0.  Ensure that bank bits are correct.
0025   0187           00066     CLRF    TRISC
0026   1283           00067     BCF     STATUS,5            ;BANCO 0
0027   01A5           00068     CLRF    UNIDADES
0028   01A6           00069     CLRF    DECENAS
0029   01A4           00070     CLRF    FLAG
002A   0186           00071     CLRF    PORTB
002B   0187           00072     CLRF    PORTC
002C   0188           00073     CLRF    PORTD
                      00074 
002D                  00075 BCDD:    
002D   2???           00076     CALL    RETARDO
002E   0825           00077     MOVF    UNIDADES,W
002F   1024           00078     BCF     FLAG,0
0030   2???           00079     CALL    CONTADOR
0031   00A5           00080     MOVWF   UNIDADES
0032   2???           00081     CALL    TABLA1
0033   0087           00082     MOVWF   PORTC
MPASM 5.70  /MEDIA/GAME/C1570FAF-5FE1-4385-A   3-8-2017  0:04:47         PAGE  3


LOC  OBJECT CODE     LINE SOURCE TEXT
  VALUE

0034   1C24           00083     BTFSS   FLAG,0
0035   2???           00084     GOTO    BCDD
0036   01A5           00085     CLRF    UNIDADES
0037   0826           00086     MOVF    DECENAS,W
0038   1024           00087     BCF     FLAG,0
0039   2???           00088     CALL    CONTADOR
003A   00A6           00089     MOVWF   DECENAS
003B   2???           00090     CALL    TABLA
003C   0088           00091     MOVWF   PORTD
003D   1C24           00092     BTFSS   FLAG,0
003E   2???           00093     GOTO    BCDD
003F   01A6           00094     CLRF    DECENAS
0040   2???           00095     GOTO    BCDD
                      00096     
                      00097     
                      00098     
                      00099     
0041   2???           00100     GOTO $                          ; loop forever    
                      00101     
0042   00A2           00102 CONTADOR    MOVWF    REG3
Message[305]: Using default destination of 1 (file).
0043   0AA2           00103             INCF     REG3
0044   0822           00104             MOVF     REG3,W
0045   3A0A           00105             XORLW   .10
0046   1D03           00106             BTFSS   STATUS,Z
0047   2???           00107             GOTO    MENOR
0048   3000           00108             MOVLW   .0
0049   1424           00109             BSF     FLAG,0
004A   0008           00110             RETURN
004B   0822           00111 MENOR       MOVF    REG3,W
004C   0008           00112             RETURN
                      00113 
                      00114 ;----------RUTINA DE RETARDO---------------
004D   3005           00115 RETARDO         MOVLW   .5
004E   00A2           00116                 MOVWF   REG3
004F   30FF           00117 DOS             MOVLW   .255
0050   00A1           00118                 MOVWF   REG2
0051   30FF           00119 UNO             MOVLW   .255
0052   00A0           00120                 MOVWF   REG1
0053   0BA0           00121                 DECFSZ  REG1,1
0054   2???           00122                 GOTO    $-1
0055   0BA1           00123                 DECFSZ  REG2,1
0056   2???           00124                 GOTO    UNO
0057   0BA2           00125                 DECFSZ  REG3,1
0058   2???           00126                 GOTO    DOS
0059   0008           00127                 RETURN
                      00128 ;------------------------------------------
                      00129    
Warning[205]: Found directive in column 1. (END)
3BF2 3FFF             00130 END
MPASM 5.70  /MEDIA/GAME/C1570FAF-5FE1-4385-A   3-8-2017  0:04:47         PAGE  4


SYMBOL TABLE
  LABEL                             VALUE 

ABDEN                             00000000
ABDOVF                            00000007
ACKDT                             00000005
ACKEN                             00000004
ACKSTAT                           00000006
ADCON0                            0000001F
ADCON1                            0000009F
ADCS0                             00000006
ADCS1                             00000007
ADDEN                             00000003
ADFM                              00000007
ADIE                              00000006
ADIF                              00000006
ADON                              00000000
ADRESH                            0000001E
ADRESL                            0000009E
ANS0                              00000000
ANS1                              00000001
ANS10                             00000002
ANS11                             00000003
ANS12                             00000004
ANS13                             00000005
ANS2                              00000002
ANS3                              00000003
ANS4                              00000004
ANS5                              00000005
ANS6                              00000006
ANS7                              00000007
ANS8                              00000000
ANS9                              00000001
ANSEL                             00000188
ANSELH                            00000189
BAUDCTL                           00000187
BCDD                              0000002D
BCLIE                             00000003
BCLIF                             00000003
BF                                00000000
BRG0                              00000000
BRG1                              00000001
BRG10                             00000002
BRG11                             00000003
BRG12                             00000004
BRG13                             00000005
BRG14                             00000006
BRG15                             00000007
BRG16                             00000003
BRG2                              00000002
BRG3                              00000003
BRG4                              00000004
BRG5                              00000005
BRG6                              00000006
BRG7                              00000007
BRG8                              00000000
MPASM 5.70  /MEDIA/GAME/C1570FAF-5FE1-4385-A   3-8-2017  0:04:47         PAGE  5


SYMBOL TABLE
  LABEL                             VALUE 

BRG9                              00000001
BRGH                              00000002
C                                 00000000
C1CH0                             00000000
C1CH1                             00000001
C1IE                              00000005
C1IF                              00000005
C1OE                              00000005
C1ON                              00000007
C1OUT                             00000006
C1POL                             00000004
C1R                               00000002
C1RSEL                            00000005
C1SEN                             00000005
C2CH0                             00000000
C2CH1                             00000001
C2IE                              00000006
C2IF                              00000006
C2OE                              00000005
C2ON                              00000007
C2OUT                             00000006
C2POL                             00000004
C2R                               00000002
C2REN                             00000004
C2RSEL                            00000004
C2SYNC                            00000000
CCP1CON                           00000017
CCP1IE                            00000002
CCP1IF                            00000002
CCP1M0                            00000000
CCP1M1                            00000001
CCP1M2                            00000002
CCP1M3                            00000003
CCP1X                             00000005
CCP1Y                             00000004
CCP2CON                           0000001D
CCP2IE                            00000000
CCP2IF                            00000000
CCP2M0                            00000000
CCP2M1                            00000001
CCP2M2                            00000002
CCP2M3                            00000003
CCP2X                             00000005
CCP2Y                             00000004
CCPR1                             00000015
CCPR1H                            00000016
CCPR1L                            00000015
CCPR2                             0000001B
CCPR2H                            0000001C
CCPR2L                            0000001B
CHS0                              00000002
CHS1                              00000003
CHS2                              00000004
MPASM 5.70  /MEDIA/GAME/C1570FAF-5FE1-4385-A   3-8-2017  0:04:47         PAGE  6


SYMBOL TABLE
  LABEL                             VALUE 

CHS3                              00000005
CKE                               00000006
CKP                               00000004
CM1CON0                           00000107
CM2CON0                           00000108
CM2CON1                           00000109
CONTADOR                          00000042
CREN                              00000004
CSRC                              00000007
D                                 00000005
DATA_ADDRESS                      00000005
DC                                00000001
DC1B0                             00000004
DC1B1                             00000005
DC2B0                             00000004
DC2B1                             00000005
DECENAS                           00000026
DOS                               0000004F
D_A                               00000005
D_NOT_A                           00000005
ECCPAS                            0000009C
ECCPAS0                           00000004
ECCPAS1                           00000005
ECCPAS2                           00000006
ECCPASE                           00000007
EEADR                             0000010D
EEADRH                            0000010F
EECON1                            0000018C
EECON2                            0000018D
EEDAT                             0000010C
EEDATA                            0000010C
EEDATH                            0000010E
EEIE                              00000004
EEIF                              00000004
EEPGD                             00000007
F                                 00000001
FERR                              00000002
FLAG                              00000024
FSR                               00000004
FVREN                             00000000
GCEN                              00000007
GIE                               00000007
GO                                00000001
GO_DONE                           00000001
GO_NOT_DONE                       00000001
HTS                               00000002
I2C_DATA                          00000005
I2C_READ                          00000002
I2C_START                         00000003
I2C_STOP                          00000004
INDF                              00000000
INTCON                            0000000B
INTE                              00000004
MPASM 5.70  /MEDIA/GAME/C1570FAF-5FE1-4385-A   3-8-2017  0:04:47         PAGE  7


SYMBOL TABLE
  LABEL                             VALUE 

INTEDG                            00000006
INTF                              00000001
IOCB                              00000096
IOCB0                             00000000
IOCB1                             00000001
IOCB2                             00000002
IOCB3                             00000003
IOCB4                             00000004
IOCB5                             00000005
IOCB6                             00000006
IOCB7                             00000007
IRCF0                             00000004
IRCF1                             00000005
IRCF2                             00000006
IRP                               00000007
LTS                               00000001
MC1OUT                            00000007
MC2OUT                            00000006
MENOR                             0000004B
MSK                               00000093
MSK0                              00000000
MSK1                              00000001
MSK2                              00000002
MSK3                              00000003
MSK4                              00000004
MSK5                              00000005
MSK6                              00000006
MSK7                              00000007
NOT_A                             00000005
NOT_ADDRESS                       00000005
NOT_BO                            00000000
NOT_BOR                           00000000
NOT_DONE                          00000001
NOT_PD                            00000003
NOT_POR                           00000001
NOT_RBPU                          00000007
NOT_RC8                           00000006
NOT_T1SYNC                        00000002
NOT_TO                            00000004
NOT_TX8                           00000006
NOT_W                             00000002
NOT_WRITE                         00000002
OERR                              00000001
OPTION_REG                        00000081
OSCCON                            0000008F
OSCTUNE                           00000090
OSFIE                             00000007
OSFIF                             00000007
OSTS                              00000003
P                                 00000004
P1M0                              00000006
P1M1                              00000007
PCL                               00000002
MPASM 5.70  /MEDIA/GAME/C1570FAF-5FE1-4385-A   3-8-2017  0:04:47         PAGE  8


SYMBOL TABLE
  LABEL                             VALUE 

PCLATH                            0000000A
PCON                              0000008E
PDC0                              00000000
PDC1                              00000001
PDC2                              00000002
PDC3                              00000003
PDC4                              00000004
PDC5                              00000005
PDC6                              00000006
PEIE                              00000006
PEN                               00000002
PIE1                              0000008C
PIE2                              0000008D
PIR1                              0000000C
PIR2                              0000000D
PORTA                             00000005
PORTB                             00000006
PORTC                             00000007
PORTD                             00000008
PORTE                             00000009
PR2                               00000092
PRSEN                             00000007
PS0                               00000000
PS1                               00000001
PS2                               00000002
PSA                               00000003
PSSAC0                            00000002
PSSAC1                            00000003
PSSBD0                            00000000
PSSBD1                            00000001
PSTRCON                           0000009D
PULSR                             00000002
PULSS                             00000003
PWM1CON                           0000009B
R                                 00000002
RA0                               00000000
RA1                               00000001
RA2                               00000002
RA3                               00000003
RA4                               00000004
RA5                               00000005
RA6                               00000006
RA7                               00000007
RB0                               00000000
RB1                               00000001
RB2                               00000002
RB3                               00000003
RB4                               00000004
RB5                               00000005
RB6                               00000006
RB7                               00000007
RBIE                              00000003
RBIF                              00000000
MPASM 5.70  /MEDIA/GAME/C1570FAF-5FE1-4385-A   3-8-2017  0:04:47         PAGE  9


SYMBOL TABLE
  LABEL                             VALUE 

RC0                               00000000
RC1                               00000001
RC2                               00000002
RC3                               00000003
RC4                               00000004
RC5                               00000005
RC6                               00000006
RC7                               00000007
RC8_9                             00000006
RC9                               00000006
RCD8                              00000000
RCEN                              00000003
RCIDL                             00000006
RCIE                              00000005
RCIF                              00000005
RCREG                             0000001A
RCSTA                             00000018
RD                                00000000
RD0                               00000000
RD1                               00000001
RD2                               00000002
RD3                               00000003
RD4                               00000004
RD5                               00000005
RD6                               00000006
RD7                               00000007
RE0                               00000000
RE1                               00000001
RE2                               00000002
RE3                               00000003
READ_WRITE                        00000002
REG1                              00000020
REG2                              00000021
REG3                              00000022
REG4                              00000023
REG5                              000000A0
REG6                              000000A1
RETARDO                           0000004D
RP0                               00000005
RP1                               00000006
RSEN                              00000001
RX9                               00000006
RX9D                              00000000
R_NOT_W                           00000002
R_W                               00000002
S                                 00000003
SBOREN                            00000004
SCKP                              00000004
SCS                               00000000
SEN                               00000000
SENDB                             00000003
SMP                               00000007
SPBRG                             00000099
MPASM 5.70  /MEDIA/GAME/C1570FAF-5FE1-4385-A   3-8-2017  0:04:47         PAGE 10


SYMBOL TABLE
  LABEL                             VALUE 

SPBRGH                            0000009A
SPEN                              00000007
SR0                               00000006
SR1                               00000007
SRCON                             00000185
SREN                              00000005
SSPADD                            00000093
SSPBUF                            00000013
SSPCON                            00000014
SSPCON2                           00000091
SSPEN                             00000005
SSPIE                             00000003
SSPIF                             00000003
SSPM0                             00000000
SSPM1                             00000001
SSPM2                             00000002
SSPM3                             00000003
SSPMSK                            00000093
SSPOV                             00000006
SSPSTAT                           00000094
START                             00000022
STATUS                            00000003
STRA                              00000000
STRB                              00000001
STRC                              00000002
STRD                              00000003
STRSYNC                           00000004
SWDTEN                            00000000
SYNC                              00000004
T0CS                              00000005
T0IE                              00000005
T0IF                              00000002
T0SE                              00000004
T1CKPS0                           00000004
T1CKPS1                           00000005
T1CON                             00000010
T1GINV                            00000007
T1GIV                             00000007
T1GSS                             00000001
T1INSYNC                          00000002
T1OSCEN                           00000003
T1SYNC                            00000002
T2CKPS0                           00000000
T2CKPS1                           00000001
T2CON                             00000012
TABLA                             00000005
TABLA1                            00000017
TMR0                              00000001
TMR0IE                            00000005
TMR0IF                            00000002
TMR1                              0000000E
TMR1CS                            00000001
TMR1GE                            00000006
MPASM 5.70  /MEDIA/GAME/C1570FAF-5FE1-4385-A   3-8-2017  0:04:47         PAGE 11


SYMBOL TABLE
  LABEL                             VALUE 

TMR1H                             0000000F
TMR1IE                            00000000
TMR1IF                            00000000
TMR1L                             0000000E
TMR1ON                            00000000
TMR2                              00000011
TMR2IE                            00000001
TMR2IF                            00000001
TMR2ON                            00000002
TOUTPS0                           00000003
TOUTPS1                           00000004
TOUTPS2                           00000005
TOUTPS3                           00000006
TRISA                             00000085
TRISA0                            00000000
TRISA1                            00000001
TRISA2                            00000002
TRISA3                            00000003
TRISA4                            00000004
TRISA5                            00000005
TRISA6                            00000006
TRISA7                            00000007
TRISB                             00000086
TRISB0                            00000000
TRISB1                            00000001
TRISB2                            00000002
TRISB3                            00000003
TRISB4                            00000004
TRISB5                            00000005
TRISB6                            00000006
TRISB7                            00000007
TRISC                             00000087
TRISC0                            00000000
TRISC1                            00000001
TRISC2                            00000002
TRISC3                            00000003
TRISC4                            00000004
TRISC5                            00000005
TRISC6                            00000006
TRISC7                            00000007
TRISD                             00000088
TRISD0                            00000000
TRISD1                            00000001
TRISD2                            00000002
TRISD3                            00000003
TRISD4                            00000004
TRISD5                            00000005
TRISD6                            00000006
TRISD7                            00000007
TRISE                             00000089
TRISE0                            00000000
TRISE1                            00000001
TRISE2                            00000002
MPASM 5.70  /MEDIA/GAME/C1570FAF-5FE1-4385-A   3-8-2017  0:04:47         PAGE 12


SYMBOL TABLE
  LABEL                             VALUE 

TRISE3                            00000003
TRMT                              00000001
TUN0                              00000000
TUN1                              00000001
TUN2                              00000002
TUN3                              00000003
TUN4                              00000004
TX8_9                             00000006
TX9                               00000006
TX9D                              00000000
TXD8                              00000000
TXEN                              00000005
TXIE                              00000004
TXIF                              00000004
TXREG                             00000019
TXSTA                             00000098
UA                                00000001
ULPWUE                            00000005
ULPWUIE                           00000002
ULPWUIF                           00000002
UNIDADES                          00000025
UNO                               00000051
VCFG0                             00000004
VCFG1                             00000005
VR0                               00000000
VR1                               00000001
VR2                               00000002
VR3                               00000003
VRCON                             00000097
VREN                              00000007
VROE                              00000006
VRR                               00000005
VRSS                              00000004
W                                 00000000
WCOL                              00000007
WDTCON                            00000105
WDTPS0                            00000001
WDTPS1                            00000002
WDTPS2                            00000003
WDTPS3                            00000004
WPUB                              00000095
WPUB0                             00000000
WPUB1                             00000001
WPUB2                             00000002
WPUB3                             00000003
WPUB4                             00000004
WPUB5                             00000005
WPUB6                             00000006
WPUB7                             00000007
WR                                00000001
WREN                              00000002
WRERR                             00000003
WUE                               00000001
MPASM 5.70  /MEDIA/GAME/C1570FAF-5FE1-4385-A   3-8-2017  0:04:47         PAGE 13


SYMBOL TABLE
  LABEL                             VALUE 

Z                                 00000002
_.org_0_0041                      00000041
_.org_0_0054                      00000054
_BOR21V                           00003EFF
_BOR40V                           00003FFF
_BOR4V_BOR21V                     00003EFF
_BOR4V_BOR40V                     00003FFF
_BOREN_NSLEEP                     00003EFF
_BOREN_OFF                        00003CFF
_BOREN_ON                         00003FFF
_BOREN_SBODEN                     00003DFF
_BOR_NSLEEP                       00003EFF
_BOR_OFF                          00003CFF
_BOR_ON                           00003FFF
_BOR_SBODEN                       00003DFF
_CONFIG1                          00002007
_CONFIG2                          00002008
_CPD_OFF                          00003FFF
_CPD_ON                           00003F7F
_CP_OFF                           00003FFF
_CP_ON                            00003FBF
_DEBUG_OFF                        00003FFF
_DEBUG_ON                         00001FFF
_DEVID1                           00002006
_EC_OSC                           00003FFB
_EXTRC                            00003FFF
_EXTRCIO                          00003FFE
_EXTRC_OSC_CLKOUT                 00003FFF
_EXTRC_OSC_NOCLKOUT               00003FFE
_FCMEN_OFF                        000037FF
_FCMEN_ON                         00003FFF
_FOSC_EC                          00003FFB
_FOSC_EXTRC_CLKOUT                00003FFF
_FOSC_EXTRC_NOCLKOUT              00003FFE
_FOSC_HS                          00003FFA
_FOSC_INTRC_CLKOUT                00003FFD
_FOSC_INTRC_NOCLKOUT              00003FFC
_FOSC_LP                          00003FF8
_FOSC_XT                          00003FF9
_HS_OSC                           00003FFA
_IDLOC0                           00002000
_IDLOC1                           00002001
_IDLOC2                           00002002
_IDLOC3                           00002003
_IESO_OFF                         00003BFF
_IESO_ON                          00003FFF
_INTOSC                           00003FFD
_INTOSCIO                         00003FFC
_INTRC_OSC_CLKOUT                 00003FFD
_INTRC_OSC_NOCLKOUT               00003FFC
_LP_OSC                           00003FF8
_LVP_OFF                          00002FFF
_LVP_ON                           00003FFF
MPASM 5.70  /MEDIA/GAME/C1570FAF-5FE1-4385-A   3-8-2017  0:04:47         PAGE 14


SYMBOL TABLE
  LABEL                             VALUE 

_MCLRE_OFF                        00003FDF
_MCLRE_ON                         00003FFF
_PWRTE_OFF                        00003FFF
_PWRTE_ON                         00003FEF
_WDTE_OFF                         00003FF7
_WDTE_ON                          00003FFF
_WDT_OFF                          00003FF7
_WDT_ON                           00003FFF
_WRT_1FOURTH                      00003BFF
_WRT_256                          00003DFF
_WRT_HALF                         000039FF
_WRT_OFF                          00003FFF
_XT_OSC                           00003FF9
__16F887                          00000001

Errors   :     0
Warnings :     8 reported,     0 suppressed
Messages :     4 reported,     0 suppressed

